TN:
SF:src/core/Core.sol
FN:50,Core.createRole
FNDA:1,Core.createRole
DA:54,1
FNF:1
FNH:1
LF:1
LH:1
BRF:0
BRH:0
end_of_record
TN:
SF:src/core/CoreRef.sol
FN:30,CoreRef.core
FNDA:1,CoreRef.core
DA:31,571
FN:39,CoreRef.setCore
FNDA:0,CoreRef.setCore
DA:42,0
FN:49,CoreRef._setCore
FNDA:1,CoreRef._setCore
DA:50,1
DA:51,1
DA:53,1
FN:57,CoreRef.pause
FNDA:0,CoreRef.pause
DA:58,0
FN:62,CoreRef.unpause
FNDA:0,CoreRef.unpause
DA:63,0
FN:87,CoreRef.emergencyAction
FNDA:0,CoreRef.emergencyAction
DA:95,0
DA:96,0
DA:97,0
DA:98,0
DA:99,0
DA:101,0
DA:104,0
BRDA:104,0,0,-
BRDA:104,0,1,-
DA:105,0
FNF:6
FNH:2
LF:15
LH:4
BRF:2
BRH:0
end_of_record
TN:
SF:src/governance/GuildGovernor.sol
FN:57,GuildGovernor.quorum
FNDA:2576,GuildGovernor.quorum
DA:60,2636
FN:68,GuildGovernor._setQuorum
FNDA:1,GuildGovernor._setQuorum
DA:69,1
DA:70,1
FN:78,GuildGovernor.setVotingDelay
FNDA:2,GuildGovernor.setVotingDelay
DA:81,1
FN:85,GuildGovernor.setVotingPeriod
FNDA:2,GuildGovernor.setVotingPeriod
DA:88,1
FN:92,GuildGovernor.setProposalThreshold
FNDA:2,GuildGovernor.setProposalThreshold
DA:95,1
FN:99,GuildGovernor.setQuorum
FNDA:2,GuildGovernor.setQuorum
DA:102,1
FN:110,GuildGovernor.guardianCancel
FNDA:1,GuildGovernor.guardianCancel
DA:116,1
FN:123,GuildGovernor._cancel
FNDA:1,GuildGovernor._cancel
DA:129,1
FN:132,GuildGovernor._execute
FNDA:14,GuildGovernor._execute
DA:139,14
FN:142,GuildGovernor._executor
FNDA:28,GuildGovernor._executor
DA:148,28
FN:151,GuildGovernor.proposalThreshold
FNDA:1,GuildGovernor.proposalThreshold
DA:157,21
FN:160,GuildGovernor.state
FNDA:73,GuildGovernor.state
DA:168,126
FN:171,GuildGovernor.supportsInterface
FNDA:2,GuildGovernor.supportsInterface
DA:174,2
FNF:13
FNH:13
LF:14
LH:14
BRF:0
BRH:0
end_of_record
TN:
SF:src/governance/GuildTimelockController.sol
FN:30,GuildTimelockController.hasRole
FNDA:0,GuildTimelockController.hasRole
DA:34,34
FN:38,GuildTimelockController._setRoleAdmin
FNDA:0,GuildTimelockController._setRoleAdmin
FN:41,GuildTimelockController._grantRole
FNDA:0,GuildTimelockController._grantRole
FN:44,GuildTimelockController._revokeRole
FNDA:0,GuildTimelockController._revokeRole
FNF:4
FNH:0
LF:1
LH:1
BRF:0
BRH:0
end_of_record
TN:
SF:src/governance/GuildVetoGovernor.sol
FN:53,GuildVetoGovernor.quorum
FNDA:3,GuildVetoGovernor.quorum
DA:56,7
FN:60,GuildVetoGovernor.setQuorum
FNDA:2,GuildVetoGovernor.setQuorum
DA:63,2
FN:71,GuildVetoGovernor._setQuorum
FNDA:2,GuildVetoGovernor._setQuorum
DA:72,2
DA:73,2
FN:93,GuildVetoGovernor.updateTimelock
FNDA:1,GuildVetoGovernor.updateTimelock
DA:96,1
FN:99,GuildVetoGovernor._updateTimelock
FNDA:1,GuildVetoGovernor._updateTimelock
DA:100,1
DA:101,1
FN:130,GuildVetoGovernor.COUNTING_MODE
FNDA:0,GuildVetoGovernor.COUNTING_MODE
DA:137,0
FN:143,GuildVetoGovernor.hasVoted
FNDA:0,GuildVetoGovernor.hasVoted
DA:147,0
FN:153,GuildVetoGovernor.proposalVotes
FNDA:0,GuildVetoGovernor.proposalVotes
DA:162,0
DA:164,0
DA:166,0
FN:172,GuildVetoGovernor._quorumReached
FNDA:4,GuildVetoGovernor._quorumReached
DA:175,4
DA:177,4
DA:178,4
FN:186,GuildVetoGovernor._voteSucceeded
FNDA:0,GuildVetoGovernor._voteSucceeded
DA:189,0
FN:195,GuildVetoGovernor._countVote
FNDA:1,GuildVetoGovernor._countVote
DA:202,1
DA:204,1
BRDA:204,0,0,-
BRDA:204,0,1,1
DA:208,1
DA:210,1
BRDA:210,1,0,1
BRDA:210,1,1,-
DA:211,1
DA:213,0
FN:222,GuildVetoGovernor.votingDelay
FNDA:0,GuildVetoGovernor.votingDelay
DA:223,0
FN:230,GuildVetoGovernor.votingPeriod
FNDA:0,GuildVetoGovernor.votingPeriod
DA:231,1
FN:246,GuildVetoGovernor.state
FNDA:2,GuildVetoGovernor.state
DA:249,4
DA:250,4
DA:255,4
BRDA:255,2,0,-
BRDA:255,2,1,4
DA:258,4
BRDA:258,3,0,-
BRDA:258,3,1,4
DA:259,0
DA:263,4
BRDA:263,4,0,-
BRDA:263,4,1,4
DA:264,0
DA:269,4
DA:274,4
BRDA:274,5,0,-
BRDA:274,5,1,4
DA:275,0
DA:278,4
BRDA:278,6,0,-
BRDA:278,6,1,4
DA:279,0
DA:283,4
BRDA:283,7,0,2
BRDA:283,7,1,2
DA:288,4
BRDA:288,8,0,2
BRDA:288,8,1,2
DA:289,2
DA:293,2
DA:299,0
FN:304,GuildVetoGovernor.propose
FNDA:1,GuildVetoGovernor.propose
DA:310,1
FN:315,GuildVetoGovernor.createVeto
FNDA:1,GuildVetoGovernor.createVeto
DA:317,1
DA:319,1
BRDA:319,9,0,-
BRDA:319,9,1,1
DA:325,1
DA:330,1
DA:332,1
DA:340,1
DA:342,1
FN:349,GuildVetoGovernor.executeVeto
FNDA:1,GuildVetoGovernor.executeVeto
DA:351,1
DA:356,1
DA:358,1
DA:359,1
FN:367,GuildVetoGovernor._getVetoCalls
FNDA:2,GuildVetoGovernor._getVetoCalls
DA:379,2
DA:380,2
DA:381,2
DA:382,2
DA:383,2
DA:387,2
FNF:18
FNH:12
LF:59
LH:46
BRF:20
BRH:12
end_of_record
TN:
SF:src/governance/LendingTermOffboarding.sol
FN:78,LendingTermOffboarding.setQuorum
FNDA:2,LendingTermOffboarding.setQuorum
DA:81,2
DA:82,2
FN:89,LendingTermOffboarding.proposeOffboard
FNDA:521,LendingTermOffboarding.proposeOffboard
DA:90,521
BRDA:90,0,0,-
BRDA:90,0,1,521
DA:94,521
BRDA:94,1,0,-
BRDA:94,1,1,521
DA:99,521
BRDA:99,2,0,-
BRDA:99,2,1,521
DA:104,521
DA:105,521
DA:106,521
FN:116,LendingTermOffboarding.supportOffboard
FNDA:521,LendingTermOffboarding.supportOffboard
DA:120,521
BRDA:120,3,0,-
BRDA:120,3,1,521
DA:124,521
DA:125,521
BRDA:125,4,0,-
BRDA:125,4,1,521
DA:126,521
DA:130,521
BRDA:130,5,0,-
BRDA:130,5,1,521
DA:131,521
BRDA:131,6,0,-
BRDA:131,6,1,521
DA:136,521
DA:137,521
DA:138,521
BRDA:138,7,0,521
BRDA:138,7,1,521
DA:139,521
DA:141,521
FN:153,LendingTermOffboarding.offboard
FNDA:522,LendingTermOffboarding.offboard
DA:154,522
BRDA:154,8,0,-
BRDA:154,8,1,522
DA:159,522
DA:163,522
DA:164,521
BRDA:162,9,0,-
BRDA:162,9,1,521
DA:166,521
DA:169,522
FN:175,LendingTermOffboarding.cleanup
FNDA:3,LendingTermOffboarding.cleanup
DA:176,3
BRDA:176,10,0,-
BRDA:176,10,1,3
DA:177,3
BRDA:177,11,0,-
BRDA:177,11,1,3
DA:181,3
BRDA:181,12,0,1
BRDA:181,12,1,2
DA:187,2
DA:188,2
DA:192,2
BRDA:191,13,0,-
BRDA:191,13,1,1
DA:194,1
DA:197,2
DA:198,2
FNF:5
FNH:5
LF:34
LH:34
BRF:28
BRH:16
end_of_record
TN:
SF:src/governance/LendingTermOnboarding.sol
FN:92,LendingTermOnboarding.allowImplementation
FNDA:0,LendingTermOnboarding.allowImplementation
DA:96,0
DA:97,0
FN:105,LendingTermOnboarding.createTerm
FNDA:1,LendingTermOnboarding.createTerm
DA:109,1
BRDA:109,0,0,-
BRDA:109,0,1,1
DA:114,1
DA:117,1
BRDA:117,1,0,-
BRDA:117,1,1,1
DA:122,1
BRDA:122,2,0,-
BRDA:122,2,1,1
DA:127,1
BRDA:127,3,0,-
BRDA:127,3,1,1
DA:132,1
BRDA:132,4,0,-
BRDA:132,4,1,1
DA:138,1
BRDA:138,5,0,-
BRDA:138,5,1,1
DA:143,1
BRDA:143,6,0,-
BRDA:143,6,1,1
DA:148,1
BRDA:148,7,0,-
BRDA:148,7,1,1
DA:153,1
DA:154,1
DA:165,1
DA:166,1
DA:167,1
FN:171,LendingTermOnboarding.propose
FNDA:1,LendingTermOnboarding.propose
DA:177,1
FN:181,LendingTermOnboarding.proposeOnboard
FNDA:5,LendingTermOnboarding.proposeOnboard
DA:185,5
BRDA:185,8,0,1
BRDA:185,8,1,4
DA:188,4
BRDA:188,9,0,-
BRDA:188,9,1,4
DA:192,4
DA:199,4
DA:200,4
BRDA:200,10,0,-
BRDA:200,10,1,4
DA:203,4
DA:208,4
DA:211,4
FN:215,LendingTermOnboarding.getOnboardProposeArgs
FNDA:9,LendingTermOnboarding.getOnboardProposeArgs
DA:227,13
DA:228,13
DA:229,13
DA:230,13
DA:239,13
DA:240,13
DA:247,13
DA:248,13
DA:249,13
DA:256,13
DA:257,13
FNF:5
FNH:4
LF:36
LH:34
BRF:22
BRH:12
end_of_record
TN:
SF:src/governance/ProfitManager.sol
FN:151,ProfitManager.minBorrow
FNDA:2310,ProfitManager.minBorrow
DA:152,2310
FN:156,ProfitManager.initializeReferences
FNDA:0,ProfitManager.initializeReferences
DA:161,0
BRDA:161,0,0,-
BRDA:161,0,1,-
DA:164,0
DA:165,0
DA:166,0
FN:172,ProfitManager.totalBorrowedCredit
FNDA:1030,ProfitManager.totalBorrowedCredit
DA:173,1030
DA:174,1030
DA:175,1030
FN:179,ProfitManager.setMinBorrow
FNDA:0,ProfitManager.setMinBorrow
DA:182,0
DA:183,0
FN:187,ProfitManager.setGaugeWeightTolerance
FNDA:0,ProfitManager.setGaugeWeightTolerance
DA:190,0
DA:191,0
FN:195,ProfitManager.setProfitSharingConfig
FNDA:0,ProfitManager.setProfitSharingConfig
DA:202,0
BRDA:202,1,0,-
BRDA:202,1,1,-
DA:203,0
BRDA:203,2,0,-
BRDA:203,2,1,-
DA:205,0
BRDA:205,3,0,-
BRDA:205,3,1,-
DA:207,0
BRDA:207,4,0,-
BRDA:207,4,1,-
DA:212,0
DA:219,0
FN:230,ProfitManager.getProfitSharingConfig
FNDA:259,ProfitManager.getProfitSharingConfig
DA:241,259
DA:244,259
DA:245,259
DA:246,259
DA:247,259
FN:251,ProfitManager.donateToSurplusBuffer
FNDA:0,ProfitManager.donateToSurplusBuffer
DA:252,0
DA:253,0
DA:254,0
DA:255,0
FN:259,ProfitManager.donateToTermSurplusBuffer
FNDA:515,ProfitManager.donateToTermSurplusBuffer
DA:260,515
DA:261,515
DA:262,515
DA:263,515
FN:267,ProfitManager.withdrawFromSurplusBuffer
FNDA:0,ProfitManager.withdrawFromSurplusBuffer
DA:271,0
DA:272,0
DA:273,0
DA:274,0
FN:278,ProfitManager.withdrawFromTermSurplusBuffer
FNDA:2,ProfitManager.withdrawFromTermSurplusBuffer
DA:283,2
DA:284,2
DA:285,2
DA:286,2
FN:292,ProfitManager.notifyPnL
FNDA:772,ProfitManager.notifyPnL
DA:296,772
DA:297,772
DA:298,772
DA:301,772
BRDA:301,5,0,-
BRDA:301,5,1,257
DA:302,514
DA:305,514
DA:309,514
BRDA:309,6,0,257
BRDA:309,6,1,514
DA:310,257
DA:311,257
DA:312,257
DA:315,514
BRDA:315,7,0,-
BRDA:315,7,1,257
DA:317,257
DA:318,257
DA:322,257
DA:325,257
DA:326,257
DA:327,257
DA:328,257
DA:331,257
DA:332,257
DA:334,257
DA:335,257
DA:342,258
BRDA:342,8,0,258
BRDA:342,8,1,258
DA:343,258
DA:346,258
DA:349,258
DA:352,258
DA:355,258
DA:361,258
BRDA:361,9,0,258
BRDA:361,9,1,258
DA:362,258
DA:363,258
DA:370,258
BRDA:370,10,0,-
BRDA:370,10,1,-
DA:371,0
DA:378,258
BRDA:378,11,0,-
BRDA:378,11,1,258
DA:379,258
DA:383,258
BRDA:383,12,0,258
BRDA:383,12,1,258
DA:388,258
DA:391,258
BRDA:391,13,0,258
BRDA:391,13,1,258
DA:392,258
DA:393,258
BRDA:393,14,0,258
BRDA:393,14,1,258
DA:394,258
DA:396,258
DA:404,772
FN:409,ProfitManager.claimGaugeRewards
FNDA:28177,ProfitManager.claimGaugeRewards
DA:413,28180
DA:416,28180
BRDA:416,15,0,27406
BRDA:416,15,1,774
DA:417,27406
DA:419,774
DA:420,774
DA:421,774
BRDA:421,16,0,771
BRDA:421,16,1,774
DA:422,771
DA:424,774
BRDA:424,17,0,772
BRDA:424,17,1,774
DA:425,772
DA:427,774
DA:428,774
BRDA:428,18,0,1
BRDA:428,18,1,774
DA:429,1
DA:430,1
DA:432,774
BRDA:432,19,0,-
BRDA:432,19,1,1
DA:433,1
DA:434,1
FN:439,ProfitManager.claimRewards
FNDA:260,ProfitManager.claimRewards
DA:442,260
DA:443,260
DA:444,3
DA:446,3
FN:452,ProfitManager.getPendingRewards
FNDA:0,ProfitManager.getPendingRewards
DA:463,0
DA:464,0
DA:465,0
DA:467,0
DA:468,0
DA:469,0
DA:470,0
DA:472,0
BRDA:472,20,0,-
BRDA:472,20,1,-
DA:473,0
DA:475,0
BRDA:475,21,0,-
BRDA:475,21,1,-
DA:476,0
DA:478,0
DA:479,0
BRDA:479,22,0,-
BRDA:479,22,1,-
DA:480,0
DA:483,0
DA:484,0
DA:488,0
FNF:15
FNH:8
LF:119
LH:79
BRF:46
BRH:24
end_of_record
TN:
SF:src/loan/AuctionHouse.sol
FN:67,AuctionHouse.getAuction
FNDA:771,AuctionHouse.getAuction
DA:68,771
FN:75,AuctionHouse.startAuction
FNDA:517,AuctionHouse.startAuction
DA:77,517
BRDA:77,0,0,-
BRDA:77,0,1,517
DA:83,517
DA:84,517
BRDA:84,1,0,-
BRDA:84,1,1,517
DA:90,517
BRDA:90,2,0,-
BRDA:90,2,1,517
DA:96,517
DA:103,517
DA:106,517
FN:118,AuctionHouse.getBidDetail
FNDA:515,AuctionHouse.getBidDetail
DA:122,1031
DA:123,1031
BRDA:123,3,0,-
BRDA:123,3,1,1031
DA:126,1031
BRDA:126,4,0,-
BRDA:126,4,1,1031
DA:131,1031
BRDA:131,5,0,-
BRDA:131,5,1,1031
DA:134,1031
BRDA:134,6,0,1
BRDA:134,6,1,1030
DA:136,1
DA:139,1
DA:140,1
DA:141,1
DA:144,1030
BRDA:144,7,0,514
BRDA:144,7,1,516
DA:146,514
DA:149,514
DA:150,514
DA:151,514
DA:152,514
DA:158,516
FN:166,AuctionHouse.bid
FNDA:259,AuctionHouse.bid
DA:169,259
DA:172,259
BRDA:172,8,0,1
BRDA:172,8,1,258
DA:175,258
DA:176,258
DA:179,258
DA:180,258
DA:189,258
FN:202,AuctionHouse.forgive
FNDA:257,AuctionHouse.forgive
DA:205,257
DA:206,257
BRDA:206,9,0,-
BRDA:206,9,1,257
DA:209,257
DA:210,257
DA:213,257
DA:214,257
DA:223,257
FNF:5
FNH:5
LF:38
LH:38
BRF:20
BRH:13
end_of_record
TN:
SF:src/loan/LendingTerm.sol
FN:160,LendingTerm.initialize
FNDA:1,LendingTerm.initialize
DA:166,1
BRDA:166,0,0,-
BRDA:166,0,1,1
DA:167,1
BRDA:167,1,0,-
BRDA:167,1,1,1
DA:170,1
DA:171,1
DA:172,1
FN:176,LendingTerm.getReferences
FNDA:0,LendingTerm.getReferences
DA:181,0
FN:185,LendingTerm.getParameters
FNDA:0,LendingTerm.getParameters
DA:186,0
FN:190,LendingTerm.collateralToken
FNDA:1032,LendingTerm.collateralToken
DA:191,1032
FN:195,LendingTerm.getLoan
FNDA:520,LendingTerm.getLoan
DA:196,520
FN:200,LendingTerm.getLoanDebt
FNDA:2061,LendingTerm.getLoanDebt
DA:201,2835
DA:202,2835
DA:204,2835
BRDA:204,2,0,-
BRDA:204,2,1,2835
DA:205,0
DA:208,2835
BRDA:208,3,0,257
BRDA:208,3,1,2578
DA:209,257
DA:212,2578
BRDA:212,4,0,1
BRDA:212,4,1,2577
DA:213,1
DA:217,2577
DA:218,2577
DA:223,2577
DA:224,2577
DA:225,2577
BRDA:225,5,0,-
BRDA:225,5,1,2577
DA:226,0
DA:228,2577
DA:230,2577
DA:232,2577
FN:237,LendingTerm.partialRepayDelayPassed
FNDA:0,LendingTerm.partialRepayDelayPassed
DA:241,0
BRDA:241,6,0,-
BRDA:241,6,1,-
DA:244,0
BRDA:244,7,0,-
BRDA:244,7,1,-
DA:247,0
BRDA:247,8,0,-
BRDA:247,8,1,-
DA:250,0
DA:251,0
DA:252,0
FN:270,LendingTerm.debtCeiling
FNDA:0,LendingTerm.debtCeiling
DA:273,768
DA:274,768
DA:277,768
DA:278,768
DA:279,768
DA:282,768
DA:284,768
DA:285,768
BRDA:285,9,0,-
BRDA:285,9,1,768
DA:286,0
DA:287,768
BRDA:287,10,0,768
BRDA:287,10,1,-
DA:290,768
DA:291,768
DA:293,0
DA:294,0
DA:296,0
DA:298,0
BRDA:298,11,0,-
BRDA:298,11,1,-
DA:302,0
DA:303,0
DA:305,0
DA:307,0
DA:309,0
BRDA:309,12,0,-
BRDA:309,12,1,-
DA:310,0
DA:312,0
DA:313,0
BRDA:313,13,0,-
BRDA:313,13,1,-
DA:316,0
DA:317,0
DA:319,0
DA:320,0
DA:322,0
DA:324,0
BRDA:324,14,0,-
BRDA:324,14,1,-
DA:325,0
DA:327,0
BRDA:327,15,0,-
BRDA:327,15,1,-
DA:328,0
DA:330,0
FN:334,LendingTerm.debtCeiling
FNDA:768,LendingTerm.debtCeiling
DA:335,768
FN:339,LendingTerm._borrow
FNDA:1030,LendingTerm._borrow
DA:344,1030
BRDA:344,16,0,-
BRDA:344,16,1,1030
DA:345,1030
BRDA:345,17,0,-
BRDA:345,17,1,1030
DA:347,1030
DA:352,1030
BRDA:352,18,0,-
BRDA:352,18,1,1030
DA:355,1030
DA:357,1030
DA:359,1030
BRDA:359,19,0,-
BRDA:359,19,1,1030
DA:365,1030
BRDA:365,20,0,-
BRDA:365,20,1,1030
DA:371,1030
DA:372,1030
DA:373,1030
BRDA:373,21,0,-
BRDA:373,21,1,1030
DA:379,1030
DA:381,1030
DA:383,1030
DA:388,1030
BRDA:388,22,0,-
BRDA:388,22,1,1030
DA:392,1030
BRDA:392,23,0,-
BRDA:392,23,1,1030
DA:394,0
BRDA:394,24,0,-
BRDA:394,24,1,-
DA:401,1030
DA:412,1030
DA:413,1030
BRDA:413,25,0,-
BRDA:413,25,1,1030
DA:414,0
DA:418,1030
DA:421,1030
DA:428,1030
FN:438,LendingTerm.borrow
FNDA:1030,LendingTerm.borrow
DA:442,1030
FN:448,LendingTerm._addCollateral
FNDA:0,LendingTerm._addCollateral
DA:453,0
BRDA:453,26,0,-
BRDA:453,26,1,-
DA:455,0
DA:458,0
BRDA:458,27,0,-
BRDA:458,27,1,-
DA:459,0
BRDA:459,28,0,-
BRDA:459,28,1,-
DA:460,0
BRDA:460,29,0,-
BRDA:460,29,1,-
DA:463,0
DA:466,0
DA:473,0
FN:482,LendingTerm.addCollateral
FNDA:0,LendingTerm.addCollateral
DA:483,0
FN:490,LendingTerm._partialRepay
FNDA:0,LendingTerm._partialRepay
DA:495,0
DA:498,0
DA:499,0
BRDA:499,30,0,-
BRDA:499,30,1,-
DA:500,0
BRDA:500,31,0,-
BRDA:500,31,1,-
DA:504,0
BRDA:504,32,0,-
BRDA:504,32,1,-
DA:505,0
BRDA:505,33,0,-
BRDA:505,33,1,-
DA:508,0
DA:509,0
BRDA:509,34,0,-
BRDA:509,34,1,-
DA:510,0
DA:511,0
DA:512,0
DA:514,0
DA:516,0
DA:517,0
DA:518,0
DA:519,0
BRDA:519,35,0,-
BRDA:519,35,1,-
DA:523,0
BRDA:523,36,0,-
BRDA:523,36,1,-
DA:527,0
BRDA:527,37,0,-
BRDA:527,37,1,-
DA:534,0
DA:535,0
DA:536,0
DA:539,0
DA:546,0
DA:550,0
DA:554,0
DA:555,0
DA:558,0
FN:562,LendingTerm.partialRepay
FNDA:0,LendingTerm.partialRepay
DA:563,0
FN:567,LendingTerm._repay
FNDA:257,LendingTerm._repay
DA:568,257
DA:571,257
DA:572,257
BRDA:572,38,0,-
BRDA:572,38,1,257
DA:573,257
BRDA:573,39,0,-
BRDA:573,39,1,257
DA:577,257
BRDA:577,40,0,-
BRDA:577,40,1,257
DA:578,257
BRDA:578,41,0,-
BRDA:578,41,1,257
DA:581,257
DA:582,257
DA:583,257
DA:585,257
DA:587,257
DA:590,257
DA:595,257
BRDA:595,42,0,-
BRDA:595,42,1,257
DA:597,257
DA:603,257
DA:610,257
DA:611,257
DA:614,257
DA:615,257
DA:618,257
DA:624,257
FN:628,LendingTerm.repay
FNDA:257,LendingTerm.repay
DA:629,257
FN:634,LendingTerm._call
FNDA:517,LendingTerm._call
DA:639,517
DA:642,517
DA:643,517
BRDA:643,43,0,-
BRDA:643,43,1,517
DA:646,517
BRDA:646,44,0,-
BRDA:646,44,1,517
DA:649,517
BRDA:649,45,0,-
BRDA:649,45,1,517
DA:652,517
BRDA:652,46,0,-
BRDA:652,46,1,517
DA:659,517
BRDA:659,47,0,-
BRDA:659,47,1,517
DA:665,517
DA:666,517
DA:667,517
DA:668,517
DA:671,517
DA:674,517
FN:678,LendingTerm.call
FNDA:517,LendingTerm.call
DA:679,517
FN:683,LendingTerm.callMany
FNDA:0,LendingTerm.callMany
DA:684,0
DA:685,0
DA:686,0
FN:695,LendingTerm.forgive
FNDA:0,LendingTerm.forgive
DA:696,0
DA:699,0
BRDA:699,48,0,-
BRDA:699,48,1,-
DA:702,0
BRDA:702,49,0,-
BRDA:702,49,1,-
DA:705,0
DA:706,0
DA:709,0
DA:711,0
DA:712,0
DA:714,0
DA:715,0
DA:718,0
DA:721,0
FN:725,LendingTerm.onBid
FNDA:515,LendingTerm.onBid
DA:733,515
BRDA:733,50,0,-
BRDA:733,50,1,515
DA:734,515
BRDA:734,51,0,-
BRDA:734,51,1,515
DA:738,515
BRDA:738,52,0,-
BRDA:738,52,1,515
DA:743,515
DA:744,515
BRDA:744,53,0,-
BRDA:744,53,1,515
DA:751,515
DA:753,515
DA:754,515
DA:756,515
DA:757,515
DA:758,515
BRDA:758,54,0,1
BRDA:758,54,1,514
DA:759,1
DA:760,1
DA:762,514
DA:763,514
DA:764,514
BRDA:764,55,0,-
BRDA:764,55,1,514
DA:771,515
DA:774,515
BRDA:774,56,0,-
BRDA:774,56,1,258
DA:775,258
DA:783,515
BRDA:783,57,0,-
BRDA:783,57,1,258
DA:784,258
DA:785,258
DA:789,515
BRDA:789,58,0,-
BRDA:789,58,1,515
DA:791,515
BRDA:791,59,0,-
BRDA:791,59,1,1
DA:792,1
DA:797,515
DA:801,515
DA:804,515
BRDA:804,60,0,1
BRDA:804,60,1,515
DA:805,1
DA:812,515
BRDA:812,61,0,257
BRDA:812,61,1,515
DA:813,257
DA:819,515
FN:829,LendingTerm.setAuctionHouse
FNDA:0,LendingTerm.setAuctionHouse
DA:836,0
BRDA:836,62,0,-
BRDA:836,62,1,-
DA:841,0
FN:846,LendingTerm.setHardCap
FNDA:0,LendingTerm.setHardCap
DA:849,0
FNF:24
FNH:12
LF:215
LH:125
BRF:126
BRH:44
end_of_record
TN:
SF:src/loan/SimplePSM.sol
FN:80,SimplePSM.getMintAmountOut
FNDA:0,SimplePSM.getMintAmountOut
DA:81,1799
DA:83,1799
FN:87,SimplePSM.getRedeemAmountOut
FNDA:0,SimplePSM.getRedeemAmountOut
DA:90,0
DA:92,0
FN:97,SimplePSM.redeemableCredit
FNDA:1030,SimplePSM.redeemableCredit
DA:98,1030
FN:103,SimplePSM.mint
FNDA:769,SimplePSM.mint
DA:107,769
DA:108,769
DA:109,769
DA:110,769
DA:111,769
FN:117,SimplePSM.mintAndEnterRebase
FNDA:0,SimplePSM.mintAndEnterRebase
DA:120,0
BRDA:120,0,0,-
BRDA:120,0,1,-
DA:124,0
DA:125,0
DA:126,0
DA:127,0
DA:128,0
DA:129,0
FN:134,SimplePSM.redeem
FNDA:0,SimplePSM.redeem
DA:138,0
BRDA:138,1,0,-
BRDA:138,1,1,-
DA:139,0
DA:140,0
DA:141,0
DA:142,0
DA:143,0
FN:149,SimplePSM.setRedemptionsPaused
FNDA:522,SimplePSM.setRedemptionsPaused
DA:152,522
DA:153,522
FNF:7
FNH:3
LF:25
LH:10
BRF:4
BRH:0
end_of_record
TN:
SF:src/loan/SurplusGuildMinter.sol
FN:106,SurplusGuildMinter.getUserStake
FNDA:774,SurplusGuildMinter.getUserStake
DA:110,774
FN:114,SurplusGuildMinter.stake
FNDA:515,SurplusGuildMinter.stake
DA:116,515
DA:121,515
BRDA:121,0,0,-
BRDA:121,0,1,515
DA:125,515
BRDA:125,1,0,-
BRDA:125,1,1,515
DA:128,515
DA:129,515
DA:130,515
DA:133,515
DA:134,515
DA:135,515
DA:136,515
DA:139,515
DA:151,515
DA:154,515
FN:158,SurplusGuildMinter.unstake
FNDA:2,SurplusGuildMinter.unstake
DA:160,2
DA:166,2
BRDA:166,2,0,-
BRDA:166,2,1,2
DA:169,2
BRDA:169,3,0,-
BRDA:169,3,1,2
DA:175,2
DA:177,2
DA:179,2
BRDA:179,4,0,2
BRDA:179,4,1,2
DA:181,2
DA:182,2
DA:184,2
BRDA:184,5,0,2
BRDA:184,5,1,-
DA:185,2
DA:186,2
DA:187,2
DA:191,0
BRDA:191,6,0,-
BRDA:191,6,1,-
DA:196,2
DA:199,2
DA:206,2
DA:207,2
DA:208,2
DA:211,2
FN:216,SurplusGuildMinter.getRewards
FNDA:258,SurplusGuildMinter.getRewards
DA:227,775
DA:228,775
DA:229,775
BRDA:229,7,0,257
BRDA:229,7,1,775
DA:230,257
DA:234,775
DA:235,775
BRDA:235,8,0,515
BRDA:235,8,1,260
DA:236,515
DA:239,260
DA:240,260
DA:242,260
DA:244,260
BRDA:244,9,0,258
BRDA:244,9,1,260
DA:245,260
BRDA:245,10,0,259
BRDA:245,10,1,260
DA:247,260
DA:249,260
BRDA:249,11,0,-
BRDA:249,11,1,1
DA:250,1
DA:252,1
DA:253,1
BRDA:253,12,0,-
BRDA:253,12,1,1
DA:254,0
DA:258,1
BRDA:258,13,0,-
BRDA:258,13,1,1
DA:259,1
DA:260,1
DA:262,1
BRDA:262,14,0,-
BRDA:262,14,1,1
DA:263,1
DA:267,1
DA:268,1
DA:274,260
BRDA:274,15,0,257
BRDA:274,15,1,260
DA:275,257
DA:276,257
DA:283,257
DA:287,260
BRDA:287,16,0,258
BRDA:287,16,1,260
DA:288,258
FN:293,SurplusGuildMinter.updateMintRatio
FNDA:0,SurplusGuildMinter.updateMintRatio
DA:295,0
DA:298,0
BRDA:298,17,0,-
BRDA:298,17,1,-
DA:301,0
DA:302,0
DA:303,0
BRDA:303,18,0,-
BRDA:303,18,1,-
DA:304,0
DA:305,0
DA:306,0
DA:307,0
DA:308,0
BRDA:308,19,0,-
BRDA:308,19,1,-
DA:309,0
DA:310,0
DA:311,0
DA:312,0
DA:313,0
FN:319,SurplusGuildMinter.setMintRatio
FNDA:256,SurplusGuildMinter.setMintRatio
DA:322,256
DA:323,256
FN:328,SurplusGuildMinter.setRewardRatio
FNDA:256,SurplusGuildMinter.setRewardRatio
DA:331,256
DA:332,256
FNF:7
FNH:6
LF:83
LH:66
BRF:40
BRH:23
end_of_record
TN:
SF:src/rate-limits/RateLimitedMinter.sol
FN:49,RateLimitedMinter.mint
FNDA:29214,RateLimitedMinter.mint
DA:53,29214
DA:54,29212
FN:60,RateLimitedMinter.replenishBuffer
FNDA:518,RateLimitedMinter.replenishBuffer
DA:61,518
FNF:2
FNH:2
LF:3
LH:3
BRF:0
BRH:0
end_of_record
TN:
SF:src/tokens/CreditToken.sol
FN:35,CreditToken.mint
FNDA:1799,CreditToken.mint
DA:39,1799
FN:43,CreditToken.setMaxDelegates
FNDA:0,CreditToken.setMaxDelegates
DA:46,0
FN:50,CreditToken.setContractExceedMaxDelegates
FNDA:0,CreditToken.setContractExceedMaxDelegates
DA:54,0
FN:58,CreditToken.forceEnterRebase
FNDA:0,CreditToken.forceEnterRebase
DA:61,0
BRDA:61,0,0,-
BRDA:61,0,1,-
DA:65,0
FN:69,CreditToken.forceExitRebase
FNDA:0,CreditToken.forceExitRebase
DA:72,0
BRDA:72,1,0,-
BRDA:72,1,1,-
DA:76,0
FN:83,CreditToken._mint
FNDA:1799,CreditToken._mint
DA:87,1799
FN:90,CreditToken._burn
FNDA:1799,CreditToken._burn
DA:94,1799
DA:95,1799
FN:98,CreditToken.balanceOf
FNDA:9528,CreditToken.balanceOf
DA:101,13136
FN:104,CreditToken.totalSupply
FNDA:11825,CreditToken.totalSupply
DA:110,11825
FN:113,CreditToken.transfer
FNDA:262,CreditToken.transfer
DA:121,262
DA:122,262
FN:125,CreditToken.transferFrom
FNDA:1545,CreditToken.transferFrom
DA:134,1545
DA:135,1545
FNF:11
FNH:7
LF:16
LH:10
BRF:4
BRH:0
end_of_record
TN:
SF:src/tokens/ERC20Gauges.sol
FN:98,ERC20Gauges.gauges
FNDA:2,ERC20Gauges.gauges
DA:99,2
FN:103,ERC20Gauges.isGauge
FNDA:2606,ERC20Gauges.isGauge
DA:104,30524
FN:108,ERC20Gauges.isDeprecatedGauge
FNDA:1039,ERC20Gauges.isDeprecatedGauge
DA:109,1039
FN:113,ERC20Gauges.numGauges
FNDA:0,ERC20Gauges.numGauges
DA:114,0
FN:118,ERC20Gauges.deprecatedGauges
FNDA:0,ERC20Gauges.deprecatedGauges
DA:119,0
FN:123,ERC20Gauges.numDeprecatedGauges
FNDA:1,ERC20Gauges.numDeprecatedGauges
DA:124,1
FN:128,ERC20Gauges.liveGauges
FNDA:0,ERC20Gauges.liveGauges
DA:129,0
DA:132,0
DA:133,0
DA:134,0
DA:135,0
BRDA:135,0,0,-
BRDA:135,0,1,-
DA:136,0
DA:138,0
DA:142,0
DA:145,0
FN:149,ERC20Gauges.numLiveGauges
FNDA:0,ERC20Gauges.numLiveGauges
DA:150,0
FN:154,ERC20Gauges.userGauges
FNDA:26119,ERC20Gauges.userGauges
DA:155,26119
FN:159,ERC20Gauges.isUserGauge
FNDA:27403,ERC20Gauges.isUserGauge
DA:163,27403
FN:167,ERC20Gauges.numUserGauges
FNDA:25859,ERC20Gauges.numUserGauges
DA:168,25859
FN:172,ERC20Gauges.userUnusedWeight
FNDA:25862,ERC20Gauges.userUnusedWeight
DA:173,25862
FN:182,ERC20Gauges.calculateGaugeAllocation
FNDA:1032,ERC20Gauges.calculateGaugeAllocation
DA:186,1032
BRDA:186,1,0,2
BRDA:186,1,1,1030
DA:188,1030
DA:189,1030
BRDA:189,2,0,-
BRDA:189,2,1,1030
DA:190,1030
DA:192,1030
FN:219,ERC20Gauges.incrementGauge
FNDA:27918,ERC20Gauges.incrementGauge
DA:223,27918
BRDA:223,3,0,-
BRDA:223,3,1,27918
DA:224,27918
DA:225,27918
FN:230,ERC20Gauges._incrementGaugeWeight
FNDA:27918,ERC20Gauges._incrementGaugeWeight
DA:235,27918
DA:236,27918
BRDA:236,4,0,-
BRDA:236,4,1,-
DA:237,0
BRDA:237,5,0,-
BRDA:237,5,1,-
DA:240,27918
DA:242,27918
DA:244,27918
DA:246,27918
FN:249,ERC20Gauges._incrementUserAndGlobalWeights
FNDA:27918,ERC20Gauges._incrementUserAndGlobalWeights
DA:253,27918
DA:255,27918
BRDA:255,6,0,-
BRDA:255,6,1,27918
DA:258,27918
DA:260,27918
FN:269,ERC20Gauges.incrementGauges
FNDA:0,ERC20Gauges.incrementGauges
DA:273,0
DA:274,0
BRDA:274,7,0,-
BRDA:274,7,1,-
DA:277,0
DA:280,0
DA:281,0
DA:282,0
DA:283,0
DA:285,0
BRDA:285,8,0,-
BRDA:285,8,1,-
DA:287,0
DA:289,0
DA:292,0
FN:301,ERC20Gauges.decrementGauge
FNDA:2,ERC20Gauges.decrementGauge
DA:306,2
DA:307,2
BRDA:307,9,0,2
BRDA:307,9,1,2
DA:308,2
DA:309,2
DA:311,2
FN:314,ERC20Gauges._decrementGaugeWeight
FNDA:259,ERC20Gauges._decrementGaugeWeight
DA:319,259
DA:321,259
DA:322,259
BRDA:322,10,0,-
BRDA:322,10,1,259
DA:324,259
BRDA:324,11,0,-
BRDA:324,11,1,259
DA:327,259
DA:329,259
DA:331,259
FN:340,ERC20Gauges.decrementGauges
FNDA:0,ERC20Gauges.decrementGauges
DA:344,0
DA:345,0
BRDA:345,12,0,-
BRDA:345,12,1,-
DA:348,0
DA:352,0
DA:353,0
DA:354,0
DA:356,0
DA:357,0
BRDA:357,13,0,-
BRDA:357,13,1,-
DA:358,0
DA:359,0
DA:362,0
DA:365,0
DA:366,0
FN:395,ERC20Gauges._addGauge
FNDA:5,ERC20Gauges._addGauge
DA:399,5
DA:400,5
DA:402,5
BRDA:402,14,0,-
BRDA:402,14,1,5
DA:407,5
BRDA:407,15,0,4
BRDA:407,15,1,1
DA:409,4
DA:412,1
BRDA:412,16,0,-
BRDA:412,16,1,1
DA:416,5
DA:417,5
BRDA:417,17,0,-
BRDA:417,17,1,5
DA:418,0
DA:419,0
DA:422,5
FN:425,ERC20Gauges._removeGauge
FNDA:524,ERC20Gauges._removeGauge
DA:427,524
BRDA:427,18,0,-
BRDA:427,18,1,524
DA:433,524
DA:434,524
BRDA:434,19,0,518
BRDA:434,19,1,524
DA:435,518
DA:436,518
DA:439,524
FN:444,ERC20Gauges._setMaxGauges
FNDA:0,ERC20Gauges._setMaxGauges
DA:445,0
DA:446,0
DA:448,0
FN:452,ERC20Gauges._setCanExceedMaxGauges
FNDA:0,ERC20Gauges._setCanExceedMaxGauges
DA:456,0
BRDA:456,20,0,-
BRDA:456,20,1,-
DA:457,0
BRDA:457,21,0,-
BRDA:457,21,1,-
DA:463,0
DA:465,0
FN:476,ERC20Gauges._burn
FNDA:0,ERC20Gauges._burn
DA:477,0
DA:478,0
FN:481,ERC20Gauges.transfer
FNDA:0,ERC20Gauges.transfer
DA:485,0
DA:486,0
FN:489,ERC20Gauges.transferFrom
FNDA:0,ERC20Gauges.transferFrom
DA:494,0
DA:495,0
FN:500,ERC20Gauges._decrementWeightUntilFree
FNDA:260,ERC20Gauges._decrementWeightUntilFree
DA:501,260
DA:504,260
BRDA:504,22,0,259
BRDA:504,22,1,1
DA:507,1
DA:508,1
DA:511,1
DA:514,1
DA:516,1
DA:517,1
DA:520,0
DA:521,0
DA:522,0
BRDA:522,23,0,-
BRDA:522,23,1,-
DA:523,0
DA:524,0
DA:527,0
BRDA:527,24,0,-
BRDA:527,24,1,-
DA:528,0
DA:529,0
DA:533,0
DA:538,1
FNF:28
FNH:17
LF:123
LH:62
BRF:50
BRH:19
end_of_record
TN:
SF:src/tokens/ERC20MultiVotes.sol
FN:52,ERC20MultiVotes.checkpoints
FNDA:0,ERC20MultiVotes.checkpoints
DA:56,0
FN:60,ERC20MultiVotes.numCheckpoints
FNDA:0,ERC20MultiVotes.numCheckpoints
DA:63,0
FN:71,ERC20MultiVotes.freeVotes
FNDA:0,ERC20MultiVotes.freeVotes
DA:72,6968
FN:80,ERC20MultiVotes.getVotes
FNDA:0,ERC20MultiVotes.getVotes
DA:81,0
DA:82,0
FN:91,ERC20MultiVotes.getPastVotes
FNDA:561,ERC20MultiVotes.getPastVotes
DA:95,561
BRDA:95,0,0,-
BRDA:95,0,1,561
DA:99,561
FN:103,ERC20MultiVotes._checkpointsLookup
FNDA:561,ERC20MultiVotes._checkpointsLookup
DA:108,561
DA:109,561
DA:110,1122
DA:111,561
DA:112,561
BRDA:112,1,0,-
BRDA:112,1,1,561
DA:113,0
DA:115,561
DA:119,561
FN:122,ERC20MultiVotes.average
FNDA:561,ERC20MultiVotes.average
DA:124,561
FN:147,ERC20MultiVotes._setMaxDelegates
FNDA:0,ERC20MultiVotes._setMaxDelegates
DA:148,0
DA:149,0
DA:151,0
FN:155,ERC20MultiVotes._setContractExceedMaxDelegates
FNDA:0,ERC20MultiVotes._setContractExceedMaxDelegates
DA:159,0
BRDA:159,2,0,-
BRDA:159,2,1,-
DA:164,0
DA:166,0
FN:218,ERC20MultiVotes.delegatesVotesCount
FNDA:0,ERC20MultiVotes.delegatesVotesCount
DA:222,0
FN:230,ERC20MultiVotes.delegates
FNDA:0,ERC20MultiVotes.delegates
DA:233,0
FN:242,ERC20MultiVotes.containsDelegate
FNDA:0,ERC20MultiVotes.containsDelegate
DA:246,0
FN:254,ERC20MultiVotes.delegateCount
FNDA:0,ERC20MultiVotes.delegateCount
DA:255,3102
FN:264,ERC20MultiVotes.incrementDelegation
FNDA:0,ERC20MultiVotes.incrementDelegation
DA:268,0
FN:276,ERC20MultiVotes.undelegate
FNDA:0,ERC20MultiVotes.undelegate
DA:277,0
FN:286,ERC20MultiVotes.delegate
FNDA:1551,ERC20MultiVotes.delegate
DA:287,1551
FN:290,ERC20MultiVotes._delegate
FNDA:1551,ERC20MultiVotes._delegate
DA:294,1551
DA:297,1551
BRDA:297,3,0,-
BRDA:297,3,1,1551
DA:299,1551
DA:301,1551
BRDA:301,4,0,512
BRDA:301,4,1,1551
DA:302,512
DA:303,512
DA:311,1551
BRDA:311,5,0,1551
BRDA:311,5,1,1551
DA:312,1551
DA:314,1551
FN:317,ERC20MultiVotes._incrementDelegation
FNDA:1551,ERC20MultiVotes._incrementDelegation
DA:323,1551
DA:324,1551
BRDA:324,6,0,-
BRDA:324,6,1,1551
DA:329,1551
DA:330,1551
BRDA:330,7,0,-
BRDA:330,7,1,1551
DA:337,1551
DA:338,1551
DA:340,1551
DA:341,1551
FN:344,ERC20MultiVotes._undelegate
FNDA:512,ERC20MultiVotes._undelegate
DA:349,512
DA:352,512
BRDA:352,8,0,-
BRDA:352,8,1,512
DA:353,512
BRDA:353,9,0,-
BRDA:353,9,1,512
DA:356,512
DA:357,512
DA:359,512
DA:360,512
FN:363,ERC20MultiVotes._writeCheckpoint
FNDA:2063,ERC20MultiVotes._writeCheckpoint
DA:368,2063
DA:370,2063
DA:371,2063
DA:372,2063
DA:374,2063
BRDA:374,10,0,-
BRDA:374,10,1,1024
DA:375,1024
DA:377,1039
DA:384,2063
FN:387,ERC20MultiVotes._add
FNDA:1551,ERC20MultiVotes._add
DA:388,1551
FN:391,ERC20MultiVotes._subtract
FNDA:512,ERC20MultiVotes._subtract
DA:392,512
FN:403,ERC20MultiVotes._burn
FNDA:0,ERC20MultiVotes._burn
DA:404,0
DA:405,0
FN:408,ERC20MultiVotes.transfer
FNDA:0,ERC20MultiVotes.transfer
DA:412,0
DA:413,0
FN:416,ERC20MultiVotes.transferFrom
FNDA:0,ERC20MultiVotes.transferFrom
DA:421,0
DA:422,0
FN:427,ERC20MultiVotes._decrementVotesUntilFree
FNDA:3866,ERC20MultiVotes._decrementVotesUntilFree
DA:428,3866
DA:431,3866
BRDA:431,11,0,3865
BRDA:431,11,1,1
DA:434,1
DA:437,1
DA:440,1
DA:442,1
DA:443,1
DA:444,0
DA:446,0
DA:447,0
DA:448,0
BRDA:448,12,0,-
BRDA:448,12,1,-
DA:449,0
DA:451,0
BRDA:451,13,0,-
BRDA:451,13,1,-
DA:453,0
DA:455,0
DA:456,0
DA:460,1
FN:471,ERC20MultiVotes.delegateBySig
FNDA:0,ERC20MultiVotes.delegateBySig
DA:479,0
BRDA:479,14,0,-
BRDA:479,14,1,-
DA:483,0
DA:502,0
BRDA:502,15,0,-
BRDA:502,15,1,-
DA:503,0
BRDA:503,16,0,-
BRDA:503,16,1,-
DA:504,0
FNF:27
FNH:11
LF:91
LH:55
BRF:34
BRH:14
end_of_record
TN:
SF:src/tokens/ERC20RebaseDistributor.sol
FN:131,ERC20RebaseDistributor.interpolatedValue
FNDA:13367,ERC20RebaseDistributor.interpolatedValue
DA:135,13367
DA:136,13367
DA:137,13367
DA:138,13367
DA:141,13367
BRDA:141,0,0,13110
BRDA:141,0,1,257
DA:143,13110
DA:146,257
DA:147,257
DA:148,257
DA:149,257
DA:150,257
FN:168,ERC20RebaseDistributor.updateTotalRebasingShares
FNDA:256,ERC20RebaseDistributor.updateTotalRebasingShares
DA:172,256
BRDA:172,1,0,256
BRDA:172,1,1,256
DA:173,256
DA:174,256
DA:175,256
BRDA:175,2,0,-
BRDA:175,2,1,256
DA:176,0
DA:178,256
DA:179,256
BRDA:179,3,0,-
BRDA:179,3,1,256
DA:181,0
DA:186,256
DA:189,256
BRDA:189,4,0,256
BRDA:189,4,1,-
DA:190,256
DA:196,256
DA:202,256
DA:210,0
DA:211,0
DA:212,0
BRDA:212,5,0,-
BRDA:212,5,1,-
DA:213,0
DA:215,0
DA:216,0
DA:218,0
FN:228,ERC20RebaseDistributor.decreaseUnmintedRebaseRewards
FNDA:0,ERC20RebaseDistributor.decreaseUnmintedRebaseRewards
DA:229,0
DA:230,0
DA:231,0
FN:242,ERC20RebaseDistributor.rebasingSharePrice
FNDA:1028,ERC20RebaseDistributor.rebasingSharePrice
DA:243,1028
FN:247,ERC20RebaseDistributor.unmintedRebaseRewards
FNDA:12339,ERC20RebaseDistributor.unmintedRebaseRewards
DA:248,12339
FN:252,ERC20RebaseDistributor._balance2shares
FNDA:0,ERC20RebaseDistributor._balance2shares
DA:256,0
FN:260,ERC20RebaseDistributor._shares2balance
FNDA:1028,ERC20RebaseDistributor._shares2balance
DA:266,1028
DA:269,1028
BRDA:269,6,0,-
BRDA:269,6,1,1028
DA:270,0
DA:272,1028
FN:281,ERC20RebaseDistributor.enterRebase
FNDA:0,ERC20RebaseDistributor.enterRebase
DA:282,0
BRDA:282,7,0,-
BRDA:282,7,1,-
DA:286,0
FN:289,ERC20RebaseDistributor._enterRebase
FNDA:0,ERC20RebaseDistributor._enterRebase
DA:290,0
DA:291,0
DA:292,0
DA:293,0
DA:297,0
DA:298,0
FN:303,ERC20RebaseDistributor.exitRebase
FNDA:256,ERC20RebaseDistributor.exitRebase
DA:304,256
BRDA:304,8,0,-
BRDA:304,8,1,256
DA:308,256
FN:311,ERC20RebaseDistributor._exitRebase
FNDA:256,ERC20RebaseDistributor._exitRebase
DA:312,256
DA:313,256
DA:314,256
DA:315,256
DA:316,256
DA:322,256
DA:323,256
BRDA:323,9,0,-
BRDA:323,9,1,256
DA:324,0
DA:325,0
DA:326,0
DA:329,256
DA:330,256
DA:332,256
FN:338,ERC20RebaseDistributor.distribute
FNDA:770,ERC20RebaseDistributor.distribute
DA:339,770
BRDA:339,10,0,-
BRDA:339,10,1,770
DA:342,770
DA:345,770
DA:346,770
DA:347,770
DA:353,770
DA:362,770
BRDA:362,11,0,514
BRDA:362,11,1,770
DA:364,514
DA:365,514
DA:369,514
DA:377,514
DA:378,514
FN:389,ERC20RebaseDistributor.isRebasing
FNDA:512,ERC20RebaseDistributor.isRebasing
DA:390,512
FN:394,ERC20RebaseDistributor.rebasingSupply
FNDA:0,ERC20RebaseDistributor.rebasingSupply
DA:395,0
FN:399,ERC20RebaseDistributor.nonRebasingSupply
FNDA:0,ERC20RebaseDistributor.nonRebasingSupply
DA:400,0
DA:401,0
DA:406,0
BRDA:406,12,0,-
BRDA:406,12,1,-
DA:407,0
DA:409,0
FN:415,ERC20RebaseDistributor.pendingDistributedSupply
FNDA:0,ERC20RebaseDistributor.pendingDistributedSupply
DA:416,0
DA:417,0
DA:418,0
FN:426,ERC20RebaseDistributor.balanceOf
FNDA:13136,ERC20RebaseDistributor.balanceOf
DA:429,13136
DA:430,13136
BRDA:430,13,0,13134
BRDA:430,13,1,2
DA:431,13134
DA:433,2
DA:434,2
FN:444,ERC20RebaseDistributor.totalSupply
FNDA:11825,ERC20RebaseDistributor.totalSupply
DA:445,11825
FN:451,ERC20RebaseDistributor.targetTotalSupply
FNDA:1030,ERC20RebaseDistributor.targetTotalSupply
DA:452,1030
FN:461,ERC20RebaseDistributor._burn
FNDA:1799,ERC20RebaseDistributor._burn
DA:464,1799
DA:465,1799
DA:466,1799
DA:467,1799
BRDA:467,14,0,-
BRDA:467,14,1,-
DA:468,0
DA:469,0
DA:470,0
DA:476,0
DA:477,0
BRDA:477,15,0,-
BRDA:477,15,1,-
DA:478,0
DA:479,0
DA:480,0
DA:481,0
DA:486,1799
DA:489,1799
BRDA:489,16,0,-
BRDA:489,16,1,1799
DA:490,0
DA:491,0
DA:495,0
DA:496,0
DA:500,0
FN:509,ERC20RebaseDistributor._mint
FNDA:1799,ERC20RebaseDistributor._mint
DA:511,1799
DA:514,1799
DA:515,1799
BRDA:515,17,0,-
BRDA:515,17,1,-
DA:517,0
DA:518,0
DA:519,0
DA:527,0
DA:531,0
DA:532,0
DA:536,0
DA:542,0
DA:543,0
BRDA:543,18,0,-
BRDA:543,18,1,-
DA:544,0
DA:545,0
DA:546,0
FN:553,ERC20RebaseDistributor.transfer
FNDA:262,ERC20RebaseDistributor.transfer
DA:559,262
DA:560,262
DA:561,262
DA:562,262
DA:566,262
BRDA:566,19,0,-
BRDA:566,19,1,-
DA:567,0
DA:568,0
DA:574,0
DA:575,0
BRDA:575,20,0,-
BRDA:575,20,1,-
DA:576,0
DA:577,0
DA:578,0
DA:579,0
DA:584,262
DA:587,262
DA:588,262
BRDA:588,21,0,-
BRDA:588,21,1,262
DA:589,0
DA:590,0
DA:594,0
DA:595,0
DA:596,0
DA:603,262
BRDA:603,22,0,-
BRDA:603,22,1,-
DA:605,0
DA:606,0
DA:614,0
DA:618,0
DA:619,0
DA:620,0
DA:626,0
DA:627,0
BRDA:627,23,0,-
BRDA:627,23,1,-
DA:628,0
DA:629,0
DA:630,0
DA:636,262
BRDA:635,24,0,-
BRDA:635,24,1,262
DA:638,0
DA:641,262
FN:646,ERC20RebaseDistributor.transferFrom
FNDA:1545,ERC20RebaseDistributor.transferFrom
DA:653,1545
DA:654,1545
DA:655,1545
DA:656,1545
DA:660,1545
BRDA:660,25,0,-
BRDA:660,25,1,-
DA:661,0
DA:662,0
DA:668,0
DA:669,0
BRDA:669,26,0,-
BRDA:669,26,1,-
DA:670,0
DA:671,0
DA:672,0
DA:673,0
DA:678,1545
DA:681,1545
DA:682,1545
BRDA:682,27,0,-
BRDA:682,27,1,1545
DA:683,0
DA:684,0
DA:688,0
DA:689,0
DA:690,0
DA:697,1545
BRDA:697,28,0,-
BRDA:697,28,1,-
DA:699,0
DA:700,0
DA:708,0
DA:712,0
DA:713,0
DA:714,0
DA:720,0
DA:721,0
BRDA:721,29,0,-
BRDA:721,29,1,-
DA:722,0
DA:723,0
DA:724,0
DA:730,1545
BRDA:729,30,0,-
BRDA:729,30,1,1545
DA:732,0
DA:735,1545
FNF:23
FNH:16
LF:200
LH:90
BRF:62
BRH:20
end_of_record
TN:
SF:src/tokens/GuildToken.sol
FN:59,GuildToken.setMaxDelegates
FNDA:0,GuildToken.setMaxDelegates
DA:62,0
FN:66,GuildToken.setContractExceedMaxDelegates
FNDA:0,GuildToken.setContractExceedMaxDelegates
DA:70,0
FN:76,GuildToken.addGauge
FNDA:5,GuildToken.addGauge
DA:80,5
FN:83,GuildToken.removeGauge
FNDA:524,GuildToken.removeGauge
DA:86,524
FN:89,GuildToken.setMaxGauges
FNDA:0,GuildToken.setMaxGauges
DA:92,0
FN:95,GuildToken.setCanExceedMaxGauges
FNDA:0,GuildToken.setCanExceedMaxGauges
DA:99,0
FN:123,GuildToken.notifyGaugeLoss
FNDA:514,GuildToken.notifyGaugeLoss
DA:124,514
BRDA:124,0,0,-
BRDA:124,0,1,514
DA:127,514
DA:128,514
FN:133,GuildToken.applyGaugeLoss
FNDA:257,GuildToken.applyGaugeLoss
DA:135,257
DA:136,257
DA:137,257
BRDA:137,1,0,-
BRDA:137,1,1,257
DA:143,257
DA:146,257
DA:147,257
DA:148,257
BRDA:148,2,0,-
BRDA:148,2,1,257
DA:149,0
DA:150,0
DA:154,257
DA:155,257
FN:175,GuildToken.enableTransfer
FNDA:0,GuildToken.enableTransfer
DA:176,0
DA:177,0
FN:182,GuildToken._beforeTokenTransfer
FNDA:28442,GuildToken._beforeTokenTransfer
DA:187,28442
BRDA:187,3,0,1
BRDA:187,3,1,28441
FN:197,GuildToken.setProfitManager
FNDA:0,GuildToken.setProfitManager
DA:198,0
DA:199,0
FN:207,GuildToken._decrementGaugeWeight
FNDA:259,GuildToken._decrementGaugeWeight
DA:212,259
DA:213,259
DA:214,259
BRDA:214,4,0,-
BRDA:214,4,1,259
DA:220,259
DA:224,259
DA:225,259
BRDA:225,5,0,-
BRDA:225,5,1,-
DA:226,0
DA:227,0
BRDA:227,6,0,-
BRDA:227,6,1,-
DA:233,259
FN:242,GuildToken._incrementGaugeWeight
FNDA:27918,GuildToken._incrementGaugeWeight
DA:247,27918
DA:248,27918
DA:249,27918
BRDA:249,7,0,27406
BRDA:249,7,1,512
DA:250,27406
DA:252,512
BRDA:252,8,0,-
BRDA:252,8,1,512
DA:258,27918
DA:260,27918
FN:268,GuildToken.mint
FNDA:28183,GuildToken.mint
DA:272,28182
FN:279,GuildToken._burn
FNDA:259,GuildToken._burn
DA:283,259
DA:284,259
DA:285,259
FN:288,GuildToken.transfer
FNDA:1,GuildToken.transfer
DA:297,1
DA:298,1
DA:299,1
FN:302,GuildToken.transferFrom
FNDA:0,GuildToken.transferFrom
DA:312,0
DA:313,0
DA:314,0
FNF:17
FNH:10
LF:51
LH:36
BRF:18
BRH:9
end_of_record
TN:
SF:src/utils/RateLimitedV2.sol
FN:61,RateLimitedV2.setRateLimitPerSecond
FNDA:1,RateLimitedV2.setRateLimitPerSecond
DA:64,1
BRDA:64,0,0,1
BRDA:64,0,1,-
DA:68,0
DA:70,0
FN:75,RateLimitedV2.setBufferCap
FNDA:1,RateLimitedV2.setBufferCap
DA:78,1
FN:83,RateLimitedV2.buffer
FNDA:58662,RateLimitedV2.buffer
DA:84,88395
DA:85,88395
DA:86,88395
FN:93,RateLimitedV2._depleteBuffer
FNDA:29214,RateLimitedV2._depleteBuffer
DA:94,29214
DA:96,29214
BRDA:96,1,0,1
BRDA:96,1,1,29213
DA:97,29213
BRDA:97,2,0,1
BRDA:97,2,1,29212
DA:99,29212
DA:100,29212
DA:103,29212
DA:104,29212
DA:106,29212
FN:111,RateLimitedV2._replenishBuffer
FNDA:518,RateLimitedV2._replenishBuffer
DA:112,518
DA:114,518
DA:117,518
BRDA:117,3,0,1
BRDA:117,3,1,517
DA:121,1
DA:124,517
DA:126,517
DA:131,517
DA:132,517
DA:134,517
FN:138,RateLimitedV2._setRateLimitPerSecond
FNDA:0,RateLimitedV2._setRateLimitPerSecond
DA:139,0
DA:140,0
DA:142,0
FN:149,RateLimitedV2._setBufferCap
FNDA:1,RateLimitedV2._setBufferCap
DA:150,1
DA:152,1
DA:153,1
DA:155,1
FN:158,RateLimitedV2._updateBufferStored
FNDA:1,RateLimitedV2._updateBufferStored
DA:159,1
DA:160,1
DA:162,1
BRDA:162,4,0,1
BRDA:162,4,1,-
DA:163,1
DA:164,1
DA:166,0
DA:167,0
FNF:8
FNH:7
LF:38
LH:31
BRF:10
BRH:8
end_of_record
TN:
SF:test/forge-std/lib/ds-test/src/test.sol
FN:51,DSTest.failed
FNDA:0,DSTest.failed
DA:52,0
BRDA:52,0,0,-
BRDA:52,0,1,-
DA:53,0
DA:55,0
DA:56,0
BRDA:56,1,0,-
BRDA:56,1,1,-
DA:57,0
DA:63,0
DA:65,0
FN:69,DSTest.fail
FNDA:0,DSTest.fail
DA:70,0
BRDA:70,2,0,-
BRDA:70,2,1,-
DA:71,0
DA:83,0
FN:86,DSTest.hasHEVMContext
FNDA:0,DSTest.hasHEVMContext
DA:87,0
DA:89,0
DA:93,0
FN:103,DSTest.assertTrue
FNDA:0,DSTest.assertTrue
DA:104,0
BRDA:104,3,0,-
BRDA:104,3,1,-
DA:105,0
DA:106,0
FN:110,DSTest.assertTrue
FNDA:0,DSTest.assertTrue
DA:111,0
BRDA:111,4,0,-
BRDA:111,4,1,-
DA:112,0
DA:113,0
FN:117,DSTest.assertEq
FNDA:0,DSTest.assertEq
DA:118,0
BRDA:118,5,0,-
BRDA:118,5,1,-
DA:119,0
DA:120,0
DA:121,0
DA:122,0
FN:126,DSTest.assertEq
FNDA:0,DSTest.assertEq
DA:127,0
BRDA:127,6,0,-
BRDA:127,6,1,-
DA:128,0
DA:129,0
FN:133,DSTest.assertEq
FNDA:0,DSTest.assertEq
DA:134,0
BRDA:134,7,0,-
BRDA:134,7,1,-
DA:135,0
DA:136,0
DA:137,0
DA:138,0
FN:142,DSTest.assertEq
FNDA:0,DSTest.assertEq
DA:143,0
BRDA:143,8,0,-
BRDA:143,8,1,-
DA:144,0
DA:145,0
FN:149,DSTest.assertEq32
FNDA:0,DSTest.assertEq32
DA:150,0
FN:153,DSTest.assertEq32
FNDA:0,DSTest.assertEq32
DA:154,0
FN:157,DSTest.assertEq
FNDA:0,DSTest.assertEq
DA:158,0
BRDA:158,9,0,-
BRDA:158,9,1,-
DA:159,0
DA:160,0
DA:161,0
DA:162,0
FN:166,DSTest.assertEq
FNDA:0,DSTest.assertEq
DA:167,0
BRDA:167,10,0,-
BRDA:167,10,1,-
DA:168,0
DA:169,0
FN:173,DSTest.assertEq
FNDA:0,DSTest.assertEq
DA:174,0
BRDA:174,11,0,-
BRDA:174,11,1,-
DA:175,0
DA:176,0
DA:177,0
DA:178,0
FN:182,DSTest.assertEq
FNDA:0,DSTest.assertEq
DA:183,0
BRDA:183,12,0,-
BRDA:183,12,1,-
DA:184,0
DA:185,0
FN:189,DSTest.assertEqDecimal
FNDA:0,DSTest.assertEqDecimal
DA:190,0
BRDA:190,13,0,-
BRDA:190,13,1,-
DA:191,0
DA:192,0
DA:193,0
DA:194,0
FN:198,DSTest.assertEqDecimal
FNDA:0,DSTest.assertEqDecimal
DA:204,0
BRDA:204,14,0,-
BRDA:204,14,1,-
DA:205,0
DA:206,0
FN:210,DSTest.assertEqDecimal
FNDA:0,DSTest.assertEqDecimal
DA:211,0
BRDA:211,15,0,-
BRDA:211,15,1,-
DA:212,0
DA:213,0
DA:214,0
DA:215,0
FN:219,DSTest.assertEqDecimal
FNDA:0,DSTest.assertEqDecimal
DA:225,0
BRDA:225,16,0,-
BRDA:225,16,1,-
DA:226,0
DA:227,0
FN:231,DSTest.assertGt
FNDA:0,DSTest.assertGt
DA:232,0
BRDA:232,17,0,-
BRDA:232,17,1,-
DA:233,0
DA:234,0
DA:235,0
DA:236,0
FN:240,DSTest.assertGt
FNDA:0,DSTest.assertGt
DA:241,0
BRDA:241,18,0,-
BRDA:241,18,1,-
DA:242,0
DA:243,0
FN:247,DSTest.assertGt
FNDA:0,DSTest.assertGt
DA:248,0
BRDA:248,19,0,-
BRDA:248,19,1,-
DA:249,0
DA:250,0
DA:251,0
DA:252,0
FN:256,DSTest.assertGt
FNDA:0,DSTest.assertGt
DA:257,0
BRDA:257,20,0,-
BRDA:257,20,1,-
DA:258,0
DA:259,0
FN:263,DSTest.assertGtDecimal
FNDA:0,DSTest.assertGtDecimal
DA:264,0
BRDA:264,21,0,-
BRDA:264,21,1,-
DA:265,0
DA:266,0
DA:267,0
DA:268,0
FN:272,DSTest.assertGtDecimal
FNDA:0,DSTest.assertGtDecimal
DA:278,0
BRDA:278,22,0,-
BRDA:278,22,1,-
DA:279,0
DA:280,0
FN:284,DSTest.assertGtDecimal
FNDA:0,DSTest.assertGtDecimal
DA:285,0
BRDA:285,23,0,-
BRDA:285,23,1,-
DA:286,0
DA:287,0
DA:288,0
DA:289,0
FN:293,DSTest.assertGtDecimal
FNDA:0,DSTest.assertGtDecimal
DA:299,0
BRDA:299,24,0,-
BRDA:299,24,1,-
DA:300,0
DA:301,0
FN:305,DSTest.assertGe
FNDA:0,DSTest.assertGe
DA:306,0
BRDA:306,25,0,-
BRDA:306,25,1,-
DA:307,0
DA:308,0
DA:309,0
DA:310,0
FN:314,DSTest.assertGe
FNDA:0,DSTest.assertGe
DA:315,0
BRDA:315,26,0,-
BRDA:315,26,1,-
DA:316,0
DA:317,0
FN:321,DSTest.assertGe
FNDA:0,DSTest.assertGe
DA:322,0
BRDA:322,27,0,-
BRDA:322,27,1,-
DA:323,0
DA:324,0
DA:325,0
DA:326,0
FN:330,DSTest.assertGe
FNDA:0,DSTest.assertGe
DA:331,0
BRDA:331,28,0,-
BRDA:331,28,1,-
DA:332,0
DA:333,0
FN:337,DSTest.assertGeDecimal
FNDA:0,DSTest.assertGeDecimal
DA:338,0
BRDA:338,29,0,-
BRDA:338,29,1,-
DA:339,0
DA:340,0
DA:341,0
DA:342,0
FN:346,DSTest.assertGeDecimal
FNDA:0,DSTest.assertGeDecimal
DA:352,0
BRDA:352,30,0,-
BRDA:352,30,1,-
DA:353,0
DA:354,0
FN:358,DSTest.assertGeDecimal
FNDA:0,DSTest.assertGeDecimal
DA:359,0
BRDA:359,31,0,-
BRDA:359,31,1,-
DA:360,0
DA:361,0
DA:362,0
DA:363,0
FN:367,DSTest.assertGeDecimal
FNDA:0,DSTest.assertGeDecimal
DA:373,0
BRDA:373,32,0,-
BRDA:373,32,1,-
DA:374,0
DA:375,0
FN:379,DSTest.assertLt
FNDA:0,DSTest.assertLt
DA:380,0
BRDA:380,33,0,-
BRDA:380,33,1,-
DA:381,0
DA:382,0
DA:383,0
DA:384,0
FN:388,DSTest.assertLt
FNDA:0,DSTest.assertLt
DA:389,0
BRDA:389,34,0,-
BRDA:389,34,1,-
DA:390,0
DA:391,0
FN:395,DSTest.assertLt
FNDA:0,DSTest.assertLt
DA:396,0
BRDA:396,35,0,-
BRDA:396,35,1,-
DA:397,0
DA:398,0
DA:399,0
DA:400,0
FN:404,DSTest.assertLt
FNDA:0,DSTest.assertLt
DA:405,0
BRDA:405,36,0,-
BRDA:405,36,1,-
DA:406,0
DA:407,0
FN:411,DSTest.assertLtDecimal
FNDA:0,DSTest.assertLtDecimal
DA:412,0
BRDA:412,37,0,-
BRDA:412,37,1,-
DA:413,0
DA:414,0
DA:415,0
DA:416,0
FN:420,DSTest.assertLtDecimal
FNDA:0,DSTest.assertLtDecimal
DA:426,0
BRDA:426,38,0,-
BRDA:426,38,1,-
DA:427,0
DA:428,0
FN:432,DSTest.assertLtDecimal
FNDA:0,DSTest.assertLtDecimal
DA:433,0
BRDA:433,39,0,-
BRDA:433,39,1,-
DA:434,0
DA:435,0
DA:436,0
DA:437,0
FN:441,DSTest.assertLtDecimal
FNDA:0,DSTest.assertLtDecimal
DA:447,0
BRDA:447,40,0,-
BRDA:447,40,1,-
DA:448,0
DA:449,0
FN:453,DSTest.assertLe
FNDA:0,DSTest.assertLe
DA:454,0
BRDA:454,41,0,-
BRDA:454,41,1,-
DA:455,0
DA:456,0
DA:457,0
DA:458,0
FN:462,DSTest.assertLe
FNDA:0,DSTest.assertLe
DA:463,0
BRDA:463,42,0,-
BRDA:463,42,1,-
DA:464,0
DA:465,0
FN:469,DSTest.assertLe
FNDA:0,DSTest.assertLe
DA:470,0
BRDA:470,43,0,-
BRDA:470,43,1,-
DA:471,0
DA:472,0
DA:473,0
DA:474,0
FN:478,DSTest.assertLe
FNDA:0,DSTest.assertLe
DA:479,0
BRDA:479,44,0,-
BRDA:479,44,1,-
DA:480,0
DA:481,0
FN:485,DSTest.assertLeDecimal
FNDA:0,DSTest.assertLeDecimal
DA:486,0
BRDA:486,45,0,-
BRDA:486,45,1,-
DA:487,0
DA:488,0
DA:489,0
DA:490,0
FN:494,DSTest.assertLeDecimal
FNDA:0,DSTest.assertLeDecimal
DA:500,0
BRDA:500,46,0,-
BRDA:500,46,1,-
DA:501,0
DA:502,0
FN:506,DSTest.assertLeDecimal
FNDA:0,DSTest.assertLeDecimal
DA:507,0
BRDA:507,47,0,-
BRDA:507,47,1,-
DA:508,0
DA:509,0
DA:510,0
DA:511,0
FN:515,DSTest.assertLeDecimal
FNDA:0,DSTest.assertLeDecimal
DA:521,0
BRDA:521,48,0,-
BRDA:521,48,1,-
DA:522,0
DA:523,0
FN:527,DSTest.assertEq
FNDA:0,DSTest.assertEq
DA:528,0
BRDA:528,49,0,-
BRDA:528,49,1,-
DA:529,0
DA:530,0
DA:531,0
DA:532,0
FN:536,DSTest.assertEq
FNDA:0,DSTest.assertEq
DA:541,0
BRDA:541,50,0,-
BRDA:541,50,1,-
DA:542,0
DA:543,0
FN:547,DSTest.checkEq0
FNDA:0,DSTest.checkEq0
DA:551,0
DA:552,0
BRDA:552,51,0,-
BRDA:552,51,1,-
DA:553,0
DA:554,0
BRDA:554,52,0,-
BRDA:554,52,1,-
DA:555,0
DA:559,0
FN:563,DSTest.assertEq0
FNDA:0,DSTest.assertEq0
DA:564,0
BRDA:564,53,0,-
BRDA:564,53,1,-
DA:565,0
DA:566,0
DA:567,0
DA:568,0
FN:572,DSTest.assertEq0
FNDA:0,DSTest.assertEq0
DA:577,0
BRDA:577,54,0,-
BRDA:577,54,1,-
DA:578,0
DA:579,0
FNF:56
FNH:0
LF:219
LH:0
BRF:110
BRH:0
end_of_record
TN:
SF:test/forge-std/src/DSTest.sol
FN:51,DSTest.failed
FNDA:0,DSTest.failed
DA:52,0
BRDA:52,0,0,-
BRDA:52,0,1,-
DA:53,0
DA:55,0
DA:56,0
BRDA:56,1,0,-
BRDA:56,1,1,-
DA:57,0
DA:63,0
DA:65,0
FN:69,DSTest.fail
FNDA:0,DSTest.fail
DA:70,0
BRDA:70,2,0,-
BRDA:70,2,1,-
DA:71,0
DA:83,0
FN:86,DSTest.hasHEVMContext
FNDA:0,DSTest.hasHEVMContext
DA:87,0
DA:89,0
DA:93,0
FN:103,DSTest.assertTrue
FNDA:0,DSTest.assertTrue
DA:104,0
BRDA:104,3,0,-
BRDA:104,3,1,-
DA:105,0
DA:106,0
FN:110,DSTest.assertTrue
FNDA:0,DSTest.assertTrue
DA:111,0
BRDA:111,4,0,-
BRDA:111,4,1,-
DA:112,0
DA:113,0
FN:117,DSTest.assertEq
FNDA:0,DSTest.assertEq
DA:118,0
BRDA:118,5,0,-
BRDA:118,5,1,-
DA:119,0
DA:120,0
DA:121,0
DA:122,0
FN:126,DSTest.assertEq
FNDA:0,DSTest.assertEq
DA:127,0
BRDA:127,6,0,-
BRDA:127,6,1,-
DA:128,0
DA:129,0
FN:133,DSTest.assertEq
FNDA:0,DSTest.assertEq
DA:134,0
BRDA:134,7,0,-
BRDA:134,7,1,-
DA:135,0
DA:136,0
DA:137,0
DA:138,0
FN:142,DSTest.assertEq
FNDA:0,DSTest.assertEq
DA:143,0
BRDA:143,8,0,-
BRDA:143,8,1,-
DA:144,0
DA:145,0
FN:149,DSTest.assertEq32
FNDA:0,DSTest.assertEq32
DA:150,0
FN:153,DSTest.assertEq32
FNDA:0,DSTest.assertEq32
DA:154,0
FN:157,DSTest.assertEq
FNDA:0,DSTest.assertEq
DA:158,0
BRDA:158,9,0,-
BRDA:158,9,1,-
DA:159,0
DA:160,0
DA:161,0
DA:162,0
FN:166,DSTest.assertEq
FNDA:0,DSTest.assertEq
DA:167,0
BRDA:167,10,0,-
BRDA:167,10,1,-
DA:168,0
DA:169,0
FN:173,DSTest.assertEq
FNDA:0,DSTest.assertEq
DA:174,0
BRDA:174,11,0,-
BRDA:174,11,1,-
DA:175,0
DA:176,0
DA:177,0
DA:178,0
FN:182,DSTest.assertEq
FNDA:0,DSTest.assertEq
DA:183,0
BRDA:183,12,0,-
BRDA:183,12,1,-
DA:184,0
DA:185,0
FN:189,DSTest.assertEqDecimal
FNDA:0,DSTest.assertEqDecimal
DA:190,0
BRDA:190,13,0,-
BRDA:190,13,1,-
DA:191,0
DA:192,0
DA:193,0
DA:194,0
FN:198,DSTest.assertEqDecimal
FNDA:0,DSTest.assertEqDecimal
DA:204,0
BRDA:204,14,0,-
BRDA:204,14,1,-
DA:205,0
DA:206,0
FN:210,DSTest.assertEqDecimal
FNDA:0,DSTest.assertEqDecimal
DA:211,0
BRDA:211,15,0,-
BRDA:211,15,1,-
DA:212,0
DA:213,0
DA:214,0
DA:215,0
FN:219,DSTest.assertEqDecimal
FNDA:0,DSTest.assertEqDecimal
DA:225,0
BRDA:225,16,0,-
BRDA:225,16,1,-
DA:226,0
DA:227,0
FN:231,DSTest.assertGt
FNDA:0,DSTest.assertGt
DA:232,0
BRDA:232,17,0,-
BRDA:232,17,1,-
DA:233,0
DA:234,0
DA:235,0
DA:236,0
FN:240,DSTest.assertGt
FNDA:0,DSTest.assertGt
DA:241,0
BRDA:241,18,0,-
BRDA:241,18,1,-
DA:242,0
DA:243,0
FN:247,DSTest.assertGt
FNDA:0,DSTest.assertGt
DA:248,0
BRDA:248,19,0,-
BRDA:248,19,1,-
DA:249,0
DA:250,0
DA:251,0
DA:252,0
FN:256,DSTest.assertGt
FNDA:0,DSTest.assertGt
DA:257,0
BRDA:257,20,0,-
BRDA:257,20,1,-
DA:258,0
DA:259,0
FN:263,DSTest.assertGtDecimal
FNDA:0,DSTest.assertGtDecimal
DA:264,0
BRDA:264,21,0,-
BRDA:264,21,1,-
DA:265,0
DA:266,0
DA:267,0
DA:268,0
FN:272,DSTest.assertGtDecimal
FNDA:0,DSTest.assertGtDecimal
DA:278,0
BRDA:278,22,0,-
BRDA:278,22,1,-
DA:279,0
DA:280,0
FN:284,DSTest.assertGtDecimal
FNDA:0,DSTest.assertGtDecimal
DA:285,0
BRDA:285,23,0,-
BRDA:285,23,1,-
DA:286,0
DA:287,0
DA:288,0
DA:289,0
FN:293,DSTest.assertGtDecimal
FNDA:0,DSTest.assertGtDecimal
DA:299,0
BRDA:299,24,0,-
BRDA:299,24,1,-
DA:300,0
DA:301,0
FN:305,DSTest.assertGe
FNDA:0,DSTest.assertGe
DA:306,0
BRDA:306,25,0,-
BRDA:306,25,1,-
DA:307,0
DA:308,0
DA:309,0
DA:310,0
FN:314,DSTest.assertGe
FNDA:0,DSTest.assertGe
DA:315,0
BRDA:315,26,0,-
BRDA:315,26,1,-
DA:316,0
DA:317,0
FN:321,DSTest.assertGe
FNDA:0,DSTest.assertGe
DA:322,0
BRDA:322,27,0,-
BRDA:322,27,1,-
DA:323,0
DA:324,0
DA:325,0
DA:326,0
FN:330,DSTest.assertGe
FNDA:0,DSTest.assertGe
DA:331,0
BRDA:331,28,0,-
BRDA:331,28,1,-
DA:332,0
DA:333,0
FN:337,DSTest.assertGeDecimal
FNDA:0,DSTest.assertGeDecimal
DA:338,0
BRDA:338,29,0,-
BRDA:338,29,1,-
DA:339,0
DA:340,0
DA:341,0
DA:342,0
FN:346,DSTest.assertGeDecimal
FNDA:0,DSTest.assertGeDecimal
DA:352,0
BRDA:352,30,0,-
BRDA:352,30,1,-
DA:353,0
DA:354,0
FN:358,DSTest.assertGeDecimal
FNDA:0,DSTest.assertGeDecimal
DA:359,0
BRDA:359,31,0,-
BRDA:359,31,1,-
DA:360,0
DA:361,0
DA:362,0
DA:363,0
FN:367,DSTest.assertGeDecimal
FNDA:0,DSTest.assertGeDecimal
DA:373,0
BRDA:373,32,0,-
BRDA:373,32,1,-
DA:374,0
DA:375,0
FN:379,DSTest.assertLt
FNDA:0,DSTest.assertLt
DA:380,0
BRDA:380,33,0,-
BRDA:380,33,1,-
DA:381,0
DA:382,0
DA:383,0
DA:384,0
FN:388,DSTest.assertLt
FNDA:0,DSTest.assertLt
DA:389,0
BRDA:389,34,0,-
BRDA:389,34,1,-
DA:390,0
DA:391,0
FN:395,DSTest.assertLt
FNDA:0,DSTest.assertLt
DA:396,0
BRDA:396,35,0,-
BRDA:396,35,1,-
DA:397,0
DA:398,0
DA:399,0
DA:400,0
FN:404,DSTest.assertLt
FNDA:0,DSTest.assertLt
DA:405,0
BRDA:405,36,0,-
BRDA:405,36,1,-
DA:406,0
DA:407,0
FN:411,DSTest.assertLtDecimal
FNDA:0,DSTest.assertLtDecimal
DA:412,0
BRDA:412,37,0,-
BRDA:412,37,1,-
DA:413,0
DA:414,0
DA:415,0
DA:416,0
FN:420,DSTest.assertLtDecimal
FNDA:0,DSTest.assertLtDecimal
DA:426,0
BRDA:426,38,0,-
BRDA:426,38,1,-
DA:427,0
DA:428,0
FN:432,DSTest.assertLtDecimal
FNDA:0,DSTest.assertLtDecimal
DA:433,0
BRDA:433,39,0,-
BRDA:433,39,1,-
DA:434,0
DA:435,0
DA:436,0
DA:437,0
FN:441,DSTest.assertLtDecimal
FNDA:0,DSTest.assertLtDecimal
DA:447,0
BRDA:447,40,0,-
BRDA:447,40,1,-
DA:448,0
DA:449,0
FN:453,DSTest.assertLe
FNDA:0,DSTest.assertLe
DA:454,0
BRDA:454,41,0,-
BRDA:454,41,1,-
DA:455,0
DA:456,0
DA:457,0
DA:458,0
FN:462,DSTest.assertLe
FNDA:0,DSTest.assertLe
DA:463,0
BRDA:463,42,0,-
BRDA:463,42,1,-
DA:464,0
DA:465,0
FN:469,DSTest.assertLe
FNDA:0,DSTest.assertLe
DA:470,0
BRDA:470,43,0,-
BRDA:470,43,1,-
DA:471,0
DA:472,0
DA:473,0
DA:474,0
FN:478,DSTest.assertLe
FNDA:0,DSTest.assertLe
DA:479,0
BRDA:479,44,0,-
BRDA:479,44,1,-
DA:480,0
DA:481,0
FN:485,DSTest.assertLeDecimal
FNDA:0,DSTest.assertLeDecimal
DA:486,0
BRDA:486,45,0,-
BRDA:486,45,1,-
DA:487,0
DA:488,0
DA:489,0
DA:490,0
FN:494,DSTest.assertLeDecimal
FNDA:0,DSTest.assertLeDecimal
DA:500,0
BRDA:500,46,0,-
BRDA:500,46,1,-
DA:501,0
DA:502,0
FN:506,DSTest.assertLeDecimal
FNDA:0,DSTest.assertLeDecimal
DA:507,0
BRDA:507,47,0,-
BRDA:507,47,1,-
DA:508,0
DA:509,0
DA:510,0
DA:511,0
FN:515,DSTest.assertLeDecimal
FNDA:0,DSTest.assertLeDecimal
DA:521,0
BRDA:521,48,0,-
BRDA:521,48,1,-
DA:522,0
DA:523,0
FN:527,DSTest.assertEq
FNDA:0,DSTest.assertEq
DA:528,0
BRDA:528,49,0,-
BRDA:528,49,1,-
DA:529,0
DA:530,0
DA:531,0
DA:532,0
FN:536,DSTest.assertEq
FNDA:0,DSTest.assertEq
DA:541,0
BRDA:541,50,0,-
BRDA:541,50,1,-
DA:542,0
DA:543,0
FN:547,DSTest.checkEq0
FNDA:0,DSTest.checkEq0
DA:551,0
DA:552,0
BRDA:552,51,0,-
BRDA:552,51,1,-
DA:553,0
DA:554,0
BRDA:554,52,0,-
BRDA:554,52,1,-
DA:555,0
DA:559,0
FN:563,DSTest.assertEq0
FNDA:0,DSTest.assertEq0
DA:564,0
BRDA:564,53,0,-
BRDA:564,53,1,-
DA:565,0
DA:566,0
DA:567,0
DA:568,0
FN:572,DSTest.assertEq0
FNDA:0,DSTest.assertEq0
DA:577,0
BRDA:577,54,0,-
BRDA:577,54,1,-
DA:578,0
DA:579,0
FNF:56
FNH:0
LF:219
LH:0
BRF:110
BRH:0
end_of_record
TN:
SF:test/forge-std/src/StdAssertions.sol
FN:15,StdAssertions.fail
FNDA:0,StdAssertions.fail
DA:16,0
DA:17,0
FN:20,StdAssertions.assertFalse
FNDA:0,StdAssertions.assertFalse
DA:21,0
FN:24,StdAssertions.assertFalse
FNDA:0,StdAssertions.assertFalse
DA:25,0
FN:28,StdAssertions.assertEq
FNDA:0,StdAssertions.assertEq
DA:29,0
BRDA:29,0,0,-
BRDA:29,0,1,-
DA:30,0
DA:31,0
DA:32,0
DA:33,0
FN:37,StdAssertions.assertEq
FNDA:0,StdAssertions.assertEq
DA:38,0
BRDA:38,1,0,-
BRDA:38,1,1,-
DA:39,0
DA:40,0
FN:44,StdAssertions.assertEq
FNDA:0,StdAssertions.assertEq
DA:45,0
FN:48,StdAssertions.assertEq
FNDA:0,StdAssertions.assertEq
DA:53,0
FN:56,StdAssertions.assertEq
FNDA:0,StdAssertions.assertEq
DA:57,0
BRDA:57,2,0,-
BRDA:57,2,1,-
DA:58,0
DA:59,0
DA:60,0
DA:61,0
FN:65,StdAssertions.assertEq
FNDA:0,StdAssertions.assertEq
DA:66,0
BRDA:66,3,0,-
BRDA:66,3,1,-
DA:67,0
DA:68,0
DA:69,0
DA:70,0
FN:74,StdAssertions.assertEq
FNDA:0,StdAssertions.assertEq
DA:75,0
BRDA:75,4,0,-
BRDA:75,4,1,-
DA:76,0
DA:77,0
DA:78,0
DA:79,0
FN:83,StdAssertions.assertEq
FNDA:0,StdAssertions.assertEq
DA:88,0
BRDA:88,5,0,-
BRDA:88,5,1,-
DA:89,0
DA:90,0
FN:94,StdAssertions.assertEq
FNDA:0,StdAssertions.assertEq
DA:99,0
BRDA:99,6,0,-
BRDA:99,6,1,-
DA:100,0
DA:101,0
FN:105,StdAssertions.assertEq
FNDA:0,StdAssertions.assertEq
DA:110,0
BRDA:110,7,0,-
BRDA:110,7,1,-
DA:111,0
DA:112,0
FN:117,StdAssertions.assertEqUint
FNDA:0,StdAssertions.assertEqUint
DA:118,0
FN:121,StdAssertions.assertApproxEqAbs
FNDA:0,StdAssertions.assertApproxEqAbs
DA:126,0
DA:128,0
BRDA:128,8,0,-
BRDA:128,8,1,-
DA:129,0
DA:130,0
DA:131,0
DA:132,0
DA:133,0
DA:134,0
FN:138,StdAssertions.assertApproxEqAbs
FNDA:0,StdAssertions.assertApproxEqAbs
DA:144,0
DA:146,0
BRDA:146,9,0,-
BRDA:146,9,1,-
DA:147,0
DA:148,0
FN:152,StdAssertions.assertApproxEqAbs
FNDA:0,StdAssertions.assertApproxEqAbs
DA:157,0
DA:159,0
BRDA:159,10,0,-
BRDA:159,10,1,-
DA:160,0
DA:161,0
DA:162,0
DA:163,0
DA:164,0
DA:165,0
FN:169,StdAssertions.assertApproxEqAbs
FNDA:0,StdAssertions.assertApproxEqAbs
DA:175,0
DA:177,0
BRDA:177,11,0,-
BRDA:177,11,1,-
DA:178,0
DA:179,0
FN:183,StdAssertions.assertApproxEqRel
FNDA:0,StdAssertions.assertApproxEqRel
DA:188,0
BRDA:188,12,0,-
BRDA:188,12,1,-
DA:190,0
DA:192,0
BRDA:192,13,0,-
BRDA:192,13,1,-
DA:193,0
DA:194,0
DA:195,0
DA:196,0
DA:197,0
DA:198,0
FN:202,StdAssertions.assertApproxEqRel
FNDA:0,StdAssertions.assertApproxEqRel
DA:208,0
BRDA:208,14,0,-
BRDA:208,14,1,-
DA:210,0
DA:212,0
BRDA:212,15,0,-
BRDA:212,15,1,-
DA:213,0
DA:214,0
FN:218,StdAssertions.assertApproxEqRel
FNDA:0,StdAssertions.assertApproxEqRel
DA:223,0
BRDA:223,16,0,-
BRDA:223,16,1,-
DA:225,0
DA:227,0
BRDA:227,17,0,-
BRDA:227,17,1,-
DA:228,0
DA:229,0
DA:230,0
DA:231,0
DA:232,0
DA:233,0
FN:237,StdAssertions.assertApproxEqRel
FNDA:0,StdAssertions.assertApproxEqRel
DA:243,0
BRDA:243,18,0,-
BRDA:243,18,1,-
DA:245,0
DA:247,0
BRDA:247,19,0,-
BRDA:247,19,1,-
DA:248,0
DA:249,0
FNF:22
FNH:0
LF:91
LH:0
BRF:40
BRH:0
end_of_record
TN:
SF:test/forge-std/src/StdCheats.sol
FN:699,StdCheats.skip
FNDA:0,StdCheats.skip
DA:700,0
FN:703,StdCheats.rewind
FNDA:0,StdCheats.rewind
DA:704,0
FN:708,StdCheats.hoax
FNDA:0,StdCheats.hoax
DA:709,0
DA:710,0
FN:713,StdCheats.hoax
FNDA:0,StdCheats.hoax
DA:714,0
DA:715,0
FN:718,StdCheats.hoax
FNDA:0,StdCheats.hoax
DA:719,0
DA:720,0
FN:723,StdCheats.hoax
FNDA:0,StdCheats.hoax
DA:724,0
DA:725,0
FN:729,StdCheats.startHoax
FNDA:0,StdCheats.startHoax
DA:730,0
DA:731,0
FN:734,StdCheats.startHoax
FNDA:0,StdCheats.startHoax
DA:735,0
DA:736,0
FN:741,StdCheats.startHoax
FNDA:0,StdCheats.startHoax
DA:742,0
DA:743,0
FN:746,StdCheats.startHoax
FNDA:0,StdCheats.startHoax
DA:751,0
DA:752,0
FN:755,StdCheats.changePrank
FNDA:0,StdCheats.changePrank
DA:756,0
DA:757,0
FN:762,StdCheats.deal
FNDA:0,StdCheats.deal
DA:763,0
FN:768,StdCheats.deal
FNDA:0,StdCheats.deal
DA:769,0
FN:772,StdCheats.deal
FNDA:0,StdCheats.deal
DA:779,0
DA:782,0
DA:785,0
DA:788,0
BRDA:788,0,0,-
BRDA:788,0,1,-
DA:789,0
DA:792,0
DA:793,0
BRDA:793,1,0,-
BRDA:793,1,1,-
DA:794,0
DA:796,0
DA:798,0
FN:229,StdCheatsSafe._constructor
FNDA:0,StdCheatsSafe._constructor
DA:231,0
DA:296,0
DA:297,0
DA:298,0
DA:303,0
BRDA:303,0,0,-
BRDA:303,0,1,-
DA:304,0
BRDA:304,1,0,-
BRDA:304,1,1,-
DA:305,0
DA:306,0
BRDA:306,2,0,-
BRDA:306,2,1,-
DA:307,0
DA:308,0
BRDA:308,3,0,-
BRDA:308,3,1,-
DA:309,0
BRDA:309,4,0,-
BRDA:309,4,1,-
DA:310,0
DA:311,0
BRDA:311,5,0,-
BRDA:311,5,1,-
DA:312,0
DA:313,0
BRDA:313,6,0,-
BRDA:313,6,1,-
DA:314,0
DA:315,0
BRDA:315,7,0,-
BRDA:315,7,1,-
DA:316,0
DA:318,0
BRDA:317,8,0,-
BRDA:317,8,1,-
DA:319,0
DA:320,0
BRDA:320,9,0,-
BRDA:320,9,1,-
DA:321,0
DA:322,0
BRDA:322,10,0,-
BRDA:322,10,1,-
DA:323,0
DA:324,0
BRDA:324,11,0,-
BRDA:324,11,1,-
DA:325,0
DA:326,0
BRDA:326,12,0,-
BRDA:326,12,1,-
DA:327,0
DA:328,0
BRDA:328,13,0,-
BRDA:328,13,1,-
DA:329,0
DA:330,0
BRDA:330,14,0,-
BRDA:330,14,1,-
DA:331,0
DA:333,0
BRDA:332,15,0,-
BRDA:332,15,1,-
DA:338,0
DA:339,0
BRDA:339,16,0,-
BRDA:339,16,1,-
DA:340,0
DA:343,0
FN:346,StdCheatsSafe.isEqual
FNDA:0,StdCheatsSafe.isEqual
DA:350,0
FN:353,StdCheatsSafe.isEqual
FNDA:0,StdCheatsSafe.isEqual
DA:358,0
DA:359,0
DA:360,0
FN:363,StdCheatsSafe.assumeNoPrecompiles
FNDA:0,StdCheatsSafe.assumeNoPrecompiles
DA:365,0
DA:367,0
DA:369,0
FN:372,StdCheatsSafe.assumeNoPrecompiles
FNDA:0,StdCheatsSafe.assumeNoPrecompiles
DA:380,0
DA:384,0
DA:385,0
BRDA:383,17,0,-
BRDA:383,17,1,-
DA:388,0
DA:393,0
DA:394,0
BRDA:392,18,0,-
BRDA:392,18,1,-
DA:397,0
DA:402,0
DA:403,0
BRDA:401,19,0,-
BRDA:401,19,1,-
DA:406,0
DA:410,0
DA:414,0
FN:422,StdCheatsSafe.readEIP1559ScriptArtifact
FNDA:0,StdCheatsSafe.readEIP1559ScriptArtifact
DA:425,0
DA:426,0
DA:427,0
DA:431,0
DA:432,0
DA:433,0
DA:434,0
DA:435,0
DA:436,0
DA:437,0
DA:438,0
DA:441,0
FN:444,StdCheatsSafe.rawToConvertedEIPTx1559s
FNDA:0,StdCheatsSafe.rawToConvertedEIPTx1559s
DA:447,0
DA:448,0
DA:449,0
DA:451,0
FN:454,StdCheatsSafe.rawToConvertedEIPTx1559
FNDA:0,StdCheatsSafe.rawToConvertedEIPTx1559
DA:457,0
DA:458,0
DA:459,0
DA:460,0
DA:461,0
DA:462,0
DA:463,0
DA:464,0
FN:467,StdCheatsSafe.rawToConvertedEIP1559Detail
FNDA:0,StdCheatsSafe.rawToConvertedEIP1559Detail
DA:470,0
DA:471,0
DA:472,0
DA:473,0
DA:474,0
DA:475,0
DA:476,0
DA:477,0
DA:478,0
DA:479,0
FN:482,StdCheatsSafe.readTx1559s
FNDA:0,StdCheatsSafe.readTx1559s
DA:485,0
DA:486,0
DA:490,0
DA:491,0
FN:494,StdCheatsSafe.readTx1559
FNDA:0,StdCheatsSafe.readTx1559
DA:498,0
DA:499,0
DA:502,0
DA:503,0
DA:504,0
FN:508,StdCheatsSafe.readReceipts
FNDA:0,StdCheatsSafe.readReceipts
DA:511,0
DA:512,0
DA:513,0
DA:517,0
FN:520,StdCheatsSafe.readReceipt
FNDA:0,StdCheatsSafe.readReceipt
DA:524,0
DA:525,0
DA:528,0
DA:529,0
DA:533,0
FN:536,StdCheatsSafe.rawToConvertedReceipts
FNDA:0,StdCheatsSafe.rawToConvertedReceipts
DA:539,0
DA:540,0
DA:541,0
DA:543,0
FN:546,StdCheatsSafe.rawToConvertedReceipt
FNDA:0,StdCheatsSafe.rawToConvertedReceipt
DA:549,0
DA:550,0
DA:551,0
DA:552,0
DA:553,0
DA:554,0
DA:555,0
DA:556,0
DA:557,0
DA:558,0
DA:559,0
DA:560,0
DA:561,0
DA:562,0
DA:563,0
FN:566,StdCheatsSafe.rawToConvertedReceiptLogs
FNDA:0,StdCheatsSafe.rawToConvertedReceiptLogs
DA:569,0
DA:570,0
DA:571,0
DA:572,0
DA:573,0
DA:574,0
DA:575,0
DA:576,0
DA:577,0
DA:578,0
DA:581,0
DA:583,0
FN:589,StdCheatsSafe.deployCode
FNDA:0,StdCheatsSafe.deployCode
DA:593,0
DA:596,0
DA:599,0
BRDA:599,20,0,-
BRDA:599,20,1,-
FN:605,StdCheatsSafe.deployCode
FNDA:0,StdCheatsSafe.deployCode
DA:608,0
DA:611,0
DA:614,0
BRDA:614,21,0,-
BRDA:614,21,1,-
FN:621,StdCheatsSafe.deployCode
FNDA:0,StdCheatsSafe.deployCode
DA:626,0
DA:629,0
DA:632,0
BRDA:632,22,0,-
BRDA:632,22,1,-
FN:638,StdCheatsSafe.deployCode
FNDA:0,StdCheatsSafe.deployCode
DA:642,0
DA:645,0
DA:648,0
BRDA:648,23,0,-
BRDA:648,23,1,-
FN:655,StdCheatsSafe.makeAddrAndKey
FNDA:0,StdCheatsSafe.makeAddrAndKey
DA:658,0
DA:659,0
DA:660,0
FN:664,StdCheatsSafe.makeAddr
FNDA:0,StdCheatsSafe.makeAddr
DA:667,0
FN:670,StdCheatsSafe.deriveRememberKey
FNDA:0,StdCheatsSafe.deriveRememberKey
DA:674,0
DA:675,0
FN:678,StdCheatsSafe.bytesToUint
FNDA:0,StdCheatsSafe.bytesToUint
DA:679,0
DA:680,0
DA:681,0
DA:686,0
FNF:38
FNH:0
LF:193
LH:0
BRF:52
BRH:0
end_of_record
TN:
SF:test/forge-std/src/StdJson.sol
FN:33,stdJson.parseRaw
FNDA:0,stdJson.parseRaw
DA:37,0
FN:40,stdJson.readUint
FNDA:0,stdJson.readUint
DA:44,0
FN:47,stdJson.readUintArray
FNDA:0,stdJson.readUintArray
DA:51,0
FN:54,stdJson.readInt
FNDA:0,stdJson.readInt
DA:58,0
FN:61,stdJson.readIntArray
FNDA:0,stdJson.readIntArray
DA:65,0
FN:68,stdJson.readBytes32
FNDA:0,stdJson.readBytes32
DA:72,0
FN:75,stdJson.readBytes32Array
FNDA:0,stdJson.readBytes32Array
DA:79,0
FN:82,stdJson.readString
FNDA:0,stdJson.readString
DA:86,0
FN:89,stdJson.readStringArray
FNDA:0,stdJson.readStringArray
DA:93,0
FN:96,stdJson.readAddress
FNDA:0,stdJson.readAddress
DA:100,0
FN:103,stdJson.readAddressArray
FNDA:0,stdJson.readAddressArray
DA:107,0
FN:110,stdJson.readBool
FNDA:0,stdJson.readBool
DA:114,0
FN:117,stdJson.readBoolArray
FNDA:0,stdJson.readBoolArray
DA:121,0
FN:124,stdJson.readBytes
FNDA:0,stdJson.readBytes
DA:128,0
FN:131,stdJson.readBytesArray
FNDA:0,stdJson.readBytesArray
DA:135,0
FN:138,stdJson.serialize
FNDA:0,stdJson.serialize
DA:143,0
FN:146,stdJson.serialize
FNDA:0,stdJson.serialize
DA:151,0
FN:154,stdJson.serialize
FNDA:0,stdJson.serialize
DA:159,0
FN:162,stdJson.serialize
FNDA:0,stdJson.serialize
DA:167,0
FN:170,stdJson.serialize
FNDA:0,stdJson.serialize
DA:175,0
FN:178,stdJson.serialize
FNDA:0,stdJson.serialize
DA:183,0
FN:186,stdJson.serialize
FNDA:0,stdJson.serialize
DA:191,0
FN:194,stdJson.serialize
FNDA:0,stdJson.serialize
DA:199,0
FN:202,stdJson.serialize
FNDA:0,stdJson.serialize
DA:207,0
FN:210,stdJson.serialize
FNDA:0,stdJson.serialize
DA:215,0
FN:218,stdJson.serialize
FNDA:0,stdJson.serialize
DA:223,0
FN:226,stdJson.serialize
FNDA:0,stdJson.serialize
DA:231,0
FN:234,stdJson.write
FNDA:0,stdJson.write
DA:235,0
FN:238,stdJson.write
FNDA:0,stdJson.write
DA:243,0
FNF:29
FNH:0
LF:29
LH:0
BRF:0
BRH:0
end_of_record
TN:
SF:test/forge-std/src/StdMath.sol
FN:8,stdMath.abs
FNDA:0,stdMath.abs
DA:10,0
BRDA:10,0,0,-
BRDA:10,0,1,-
DA:11,0
DA:15,0
FN:18,stdMath.delta
FNDA:0,stdMath.delta
DA:19,0
FN:22,stdMath.delta
FNDA:0,stdMath.delta
DA:25,0
BRDA:25,1,0,-
BRDA:25,1,1,-
DA:26,0
DA:30,0
FN:33,stdMath.percentDelta
FNDA:0,stdMath.percentDelta
DA:37,0
DA:39,0
FN:42,stdMath.percentDelta
FNDA:0,stdMath.percentDelta
DA:43,0
DA:44,0
DA:46,0
FNF:5
FNH:0
LF:12
LH:0
BRF:4
BRH:0
end_of_record
TN:
SF:test/forge-std/src/StdStorage.sol
FN:257,stdStorage.sigs
FNDA:0,stdStorage.sigs
DA:258,0
FN:261,stdStorage.find
FNDA:0,stdStorage.find
DA:262,0
FN:265,stdStorage.target
FNDA:0,stdStorage.target
DA:269,0
FN:272,stdStorage.sig
FNDA:0,stdStorage.sig
DA:276,0
FN:279,stdStorage.sig
FNDA:0,stdStorage.sig
DA:283,0
FN:286,stdStorage.with_key
FNDA:0,stdStorage.with_key
DA:290,0
FN:293,stdStorage.with_key
FNDA:0,stdStorage.with_key
DA:297,0
FN:300,stdStorage.with_key
FNDA:0,stdStorage.with_key
DA:304,0
FN:307,stdStorage.depth
FNDA:0,stdStorage.depth
DA:311,0
FN:314,stdStorage.checked_write
FNDA:0,stdStorage.checked_write
DA:315,0
FN:318,stdStorage.checked_write
FNDA:0,stdStorage.checked_write
DA:319,0
FN:322,stdStorage.checked_write
FNDA:0,stdStorage.checked_write
DA:323,0
DA:326,0
DA:328,0
FN:331,stdStorage.checked_write
FNDA:0,stdStorage.checked_write
DA:332,0
DA:333,0
DA:334,0
DA:335,0
DA:337,0
DA:339,0
BRDA:338,0,0,-
BRDA:338,0,1,-
DA:343,0
DA:345,0
DA:349,0
DA:351,0
DA:352,0
DA:354,0
DA:356,0
BRDA:356,1,0,-
BRDA:356,1,1,-
DA:357,0
BRDA:357,2,0,-
BRDA:357,2,1,-
DA:362,0
DA:363,0
DA:364,0
DA:365,0
DA:366,0
FN:369,stdStorage.read_bytes32
FNDA:0,stdStorage.read_bytes32
DA:370,0
FN:373,stdStorage.read_bool
FNDA:0,stdStorage.read_bool
DA:374,0
FN:377,stdStorage.read_address
FNDA:0,stdStorage.read_address
DA:378,0
FN:381,stdStorage.read_uint
FNDA:0,stdStorage.read_uint
DA:382,0
FN:385,stdStorage.read_int
FNDA:0,stdStorage.read_int
DA:386,0
FN:390,stdStorage.bytesToBytes32
FNDA:0,stdStorage.bytesToBytes32
DA:394,0
DA:396,0
DA:397,0
DA:398,0
DA:400,0
FN:404,stdStorage.flatten
FNDA:0,stdStorage.flatten
DA:405,0
DA:406,0
DA:407,0
DA:414,0
FN:23,stdStorageSafe.sigs
FNDA:0,stdStorageSafe.sigs
DA:24,0
FN:33,stdStorageSafe.find
FNDA:0,stdStorageSafe.find
DA:34,0
DA:35,0
DA:36,0
DA:37,0
DA:40,0
BRDA:40,0,0,-
BRDA:40,0,1,-
DA:43,0
DA:48,0
DA:49,0
DA:50,0
DA:52,0
DA:53,0
DA:56,0
DA:57,0
BRDA:57,1,0,-
BRDA:57,1,1,-
DA:58,0
DA:59,0
BRDA:59,2,0,-
BRDA:59,2,1,-
DA:60,0
DA:62,0
BRDA:62,3,0,-
BRDA:62,3,1,-
DA:63,0
BRDA:63,4,0,-
BRDA:63,4,1,-
DA:68,0
DA:74,0
DA:77,0
DA:80,0
BRDA:80,5,0,-
BRDA:80,5,1,-
DA:81,0
DA:82,0
DA:83,0
BRDA:83,6,0,-
BRDA:83,6,1,-
DA:84,0
DA:87,0
DA:88,0
DA:89,0
DA:91,0
DA:92,0
DA:95,0
BRDA:95,7,0,-
BRDA:95,7,1,-
DA:97,0
DA:103,0
DA:106,0
DA:109,0
DA:110,0
DA:112,0
DA:115,0
BRDA:115,8,0,-
BRDA:115,8,1,-
DA:121,0
BRDA:121,9,0,-
BRDA:121,9,1,-
DA:128,0
DA:129,0
DA:130,0
DA:131,0
DA:133,0
FN:139,stdStorageSafe.target
FNDA:0,stdStorageSafe.target
DA:143,0
DA:144,0
FN:147,stdStorageSafe.sig
FNDA:0,stdStorageSafe.sig
DA:151,0
DA:152,0
FN:155,stdStorageSafe.sig
FNDA:0,stdStorageSafe.sig
DA:159,0
DA:160,0
FN:163,stdStorageSafe.with_key
FNDA:0,stdStorageSafe.with_key
DA:167,0
DA:168,0
FN:171,stdStorageSafe.with_key
FNDA:0,stdStorageSafe.with_key
DA:175,0
DA:176,0
FN:179,stdStorageSafe.with_key
FNDA:0,stdStorageSafe.with_key
DA:183,0
DA:184,0
FN:187,stdStorageSafe.depth
FNDA:0,stdStorageSafe.depth
DA:191,0
DA:192,0
FN:195,stdStorageSafe.read
FNDA:0,stdStorageSafe.read
DA:196,0
DA:197,0
DA:198,0
FN:201,stdStorageSafe.read_bytes32
FNDA:0,stdStorageSafe.read_bytes32
DA:202,0
FN:205,stdStorageSafe.read_bool
FNDA:0,stdStorageSafe.read_bool
DA:206,0
DA:207,0
BRDA:207,10,0,-
BRDA:207,10,1,-
DA:208,0
BRDA:208,11,0,-
BRDA:208,11,1,-
DA:209,0
FN:214,stdStorageSafe.read_address
FNDA:0,stdStorageSafe.read_address
DA:215,0
FN:218,stdStorageSafe.read_uint
FNDA:0,stdStorageSafe.read_uint
DA:219,0
FN:222,stdStorageSafe.read_int
FNDA:0,stdStorageSafe.read_int
DA:223,0
FN:226,stdStorageSafe.bytesToBytes32
FNDA:0,stdStorageSafe.bytesToBytes32
DA:230,0
DA:232,0
DA:233,0
DA:234,0
DA:236,0
FN:239,stdStorageSafe.flatten
FNDA:0,stdStorageSafe.flatten
DA:240,0
DA:241,0
DA:242,0
DA:249,0
FNF:37
FNH:0
LF:127
LH:0
BRF:30
BRH:0
end_of_record
TN:
SF:test/forge-std/src/StdUtils.sol
FN:10,StdUtils._bound
FNDA:0,StdUtils._bound
DA:15,0
BRDA:15,0,0,-
BRDA:15,0,1,-
DA:22,0
BRDA:22,1,0,-
BRDA:22,1,1,-
DA:24,0
DA:28,0
BRDA:28,2,0,-
BRDA:28,2,1,-
DA:29,0
BRDA:29,3,0,-
BRDA:29,3,1,-
DA:30,0
DA:33,0
BRDA:33,4,0,-
BRDA:33,4,1,-
DA:34,0
DA:35,0
DA:36,0
BRDA:36,5,0,-
BRDA:36,5,1,-
DA:37,0
DA:38,0
BRDA:38,6,0,-
BRDA:38,6,1,-
DA:39,0
DA:40,0
DA:41,0
BRDA:41,7,0,-
BRDA:41,7,1,-
DA:42,0
FN:46,StdUtils.bound
FNDA:0,StdUtils.bound
DA:51,0
DA:52,0
FN:57,StdUtils.computeCreateAddress
FNDA:0,StdUtils.computeCreateAddress
DA:64,0
BRDA:64,8,0,-
BRDA:64,8,1,-
DA:65,0
DA:66,0
DA:76,0
BRDA:76,9,0,-
BRDA:76,9,1,-
DA:77,0
DA:78,0
DA:90,0
BRDA:90,10,0,-
BRDA:90,10,1,-
DA:91,0
DA:92,0
DA:103,0
BRDA:103,11,0,-
BRDA:103,11,1,-
DA:104,0
DA:105,0
DA:116,0
BRDA:116,12,0,-
BRDA:116,12,1,-
DA:117,0
DA:118,0
DA:136,0
DA:137,0
FN:150,StdUtils.computeCreate2Address
FNDA:0,StdUtils.computeCreate2Address
DA:155,0
DA:156,0
FN:163,StdUtils.addressFromLast20Bytes
FNDA:0,StdUtils.addressFromLast20Bytes
DA:166,0
FNF:5
FNH:0
LF:38
LH:0
BRF:26
BRH:0
end_of_record
TN:
SF:test/forge-std/src/console.sol
FN:8,console._sendLogPayload
FNDA:0,console._sendLogPayload
DA:9,0
DA:10,0
FN:25,console.log
FNDA:0,console.log
DA:26,0
FN:29,console.logInt
FNDA:0,console.logInt
DA:30,0
FN:33,console.logUint
FNDA:0,console.logUint
DA:34,0
FN:37,console.logString
FNDA:0,console.logString
DA:38,0
FN:41,console.logBool
FNDA:0,console.logBool
DA:42,0
FN:45,console.logAddress
FNDA:0,console.logAddress
DA:46,0
FN:49,console.logBytes
FNDA:0,console.logBytes
DA:50,0
FN:53,console.logBytes1
FNDA:0,console.logBytes1
DA:54,0
FN:57,console.logBytes2
FNDA:0,console.logBytes2
DA:58,0
FN:61,console.logBytes3
FNDA:0,console.logBytes3
DA:62,0
FN:65,console.logBytes4
FNDA:0,console.logBytes4
DA:66,0
FN:69,console.logBytes5
FNDA:0,console.logBytes5
DA:70,0
FN:73,console.logBytes6
FNDA:0,console.logBytes6
DA:74,0
FN:77,console.logBytes7
FNDA:0,console.logBytes7
DA:78,0
FN:81,console.logBytes8
FNDA:0,console.logBytes8
DA:82,0
FN:85,console.logBytes9
FNDA:0,console.logBytes9
DA:86,0
FN:89,console.logBytes10
FNDA:0,console.logBytes10
DA:90,0
FN:93,console.logBytes11
FNDA:0,console.logBytes11
DA:94,0
FN:97,console.logBytes12
FNDA:0,console.logBytes12
DA:98,0
FN:101,console.logBytes13
FNDA:0,console.logBytes13
DA:102,0
FN:105,console.logBytes14
FNDA:0,console.logBytes14
DA:106,0
FN:109,console.logBytes15
FNDA:0,console.logBytes15
DA:110,0
FN:113,console.logBytes16
FNDA:0,console.logBytes16
DA:114,0
FN:117,console.logBytes17
FNDA:0,console.logBytes17
DA:118,0
FN:121,console.logBytes18
FNDA:0,console.logBytes18
DA:122,0
FN:125,console.logBytes19
FNDA:0,console.logBytes19
DA:126,0
FN:129,console.logBytes20
FNDA:0,console.logBytes20
DA:130,0
FN:133,console.logBytes21
FNDA:0,console.logBytes21
DA:134,0
FN:137,console.logBytes22
FNDA:0,console.logBytes22
DA:138,0
FN:141,console.logBytes23
FNDA:0,console.logBytes23
DA:142,0
FN:145,console.logBytes24
FNDA:0,console.logBytes24
DA:146,0
FN:149,console.logBytes25
FNDA:0,console.logBytes25
DA:150,0
FN:153,console.logBytes26
FNDA:0,console.logBytes26
DA:154,0
FN:157,console.logBytes27
FNDA:0,console.logBytes27
DA:158,0
FN:161,console.logBytes28
FNDA:0,console.logBytes28
DA:162,0
FN:165,console.logBytes29
FNDA:0,console.logBytes29
DA:166,0
FN:169,console.logBytes30
FNDA:0,console.logBytes30
DA:170,0
FN:173,console.logBytes31
FNDA:0,console.logBytes31
DA:174,0
FN:177,console.logBytes32
FNDA:0,console.logBytes32
DA:178,0
FN:181,console.log
FNDA:0,console.log
DA:182,0
FN:185,console.log
FNDA:0,console.log
DA:186,0
FN:189,console.log
FNDA:0,console.log
DA:190,0
FN:193,console.log
FNDA:0,console.log
DA:194,0
FN:197,console.log
FNDA:0,console.log
DA:198,0
FN:201,console.log
FNDA:0,console.log
DA:202,0
FN:205,console.log
FNDA:0,console.log
DA:206,0
FN:209,console.log
FNDA:0,console.log
DA:210,0
FN:213,console.log
FNDA:0,console.log
DA:214,0
FN:217,console.log
FNDA:0,console.log
DA:218,0
FN:221,console.log
FNDA:0,console.log
DA:222,0
FN:225,console.log
FNDA:0,console.log
DA:226,0
FN:229,console.log
FNDA:0,console.log
DA:230,0
FN:233,console.log
FNDA:0,console.log
DA:234,0
FN:237,console.log
FNDA:0,console.log
DA:238,0
FN:241,console.log
FNDA:0,console.log
DA:242,0
FN:245,console.log
FNDA:0,console.log
DA:246,0
FN:249,console.log
FNDA:0,console.log
DA:250,0
FN:253,console.log
FNDA:0,console.log
DA:254,0
FN:257,console.log
FNDA:0,console.log
DA:258,0
FN:263,console.log
FNDA:0,console.log
DA:264,0
FN:269,console.log
FNDA:0,console.log
DA:270,0
FN:275,console.log
FNDA:0,console.log
DA:276,0
FN:281,console.log
FNDA:0,console.log
DA:282,0
FN:287,console.log
FNDA:0,console.log
DA:288,0
FN:293,console.log
FNDA:0,console.log
DA:294,0
FN:299,console.log
FNDA:0,console.log
DA:300,0
FN:305,console.log
FNDA:0,console.log
DA:306,0
FN:311,console.log
FNDA:0,console.log
DA:312,0
FN:317,console.log
FNDA:0,console.log
DA:318,0
FN:323,console.log
FNDA:0,console.log
DA:324,0
FN:329,console.log
FNDA:0,console.log
DA:330,0
FN:335,console.log
FNDA:0,console.log
DA:336,0
FN:341,console.log
FNDA:0,console.log
DA:342,0
FN:347,console.log
FNDA:0,console.log
DA:348,0
FN:353,console.log
FNDA:0,console.log
DA:354,0
FN:359,console.log
FNDA:0,console.log
DA:360,0
FN:365,console.log
FNDA:0,console.log
DA:366,0
FN:371,console.log
FNDA:0,console.log
DA:372,0
FN:377,console.log
FNDA:0,console.log
DA:378,0
FN:383,console.log
FNDA:0,console.log
DA:384,0
FN:389,console.log
FNDA:0,console.log
DA:394,0
FN:399,console.log
FNDA:0,console.log
DA:400,0
FN:405,console.log
FNDA:0,console.log
DA:406,0
FN:411,console.log
FNDA:0,console.log
DA:412,0
FN:417,console.log
FNDA:0,console.log
DA:418,0
FN:423,console.log
FNDA:0,console.log
DA:424,0
FN:429,console.log
FNDA:0,console.log
DA:430,0
FN:435,console.log
FNDA:0,console.log
DA:436,0
FN:441,console.log
FNDA:0,console.log
DA:442,0
FN:447,console.log
FNDA:0,console.log
DA:448,0
FN:453,console.log
FNDA:0,console.log
DA:454,0
FN:459,console.log
FNDA:0,console.log
DA:460,0
FN:465,console.log
FNDA:0,console.log
DA:466,0
FN:471,console.log
FNDA:0,console.log
DA:472,0
FN:477,console.log
FNDA:0,console.log
DA:478,0
FN:483,console.log
FNDA:0,console.log
DA:484,0
FN:489,console.log
FNDA:0,console.log
DA:490,0
FN:495,console.log
FNDA:0,console.log
DA:496,0
FN:501,console.log
FNDA:0,console.log
DA:502,0
FN:507,console.log
FNDA:0,console.log
DA:508,0
FN:513,console.log
FNDA:0,console.log
DA:514,0
FN:519,console.log
FNDA:0,console.log
DA:520,0
FN:525,console.log
FNDA:0,console.log
DA:526,0
FN:531,console.log
FNDA:0,console.log
DA:532,0
FN:537,console.log
FNDA:0,console.log
DA:538,0
FN:543,console.log
FNDA:0,console.log
DA:544,0
FN:549,console.log
FNDA:0,console.log
DA:550,0
FN:555,console.log
FNDA:0,console.log
DA:556,0
FN:561,console.log
FNDA:0,console.log
DA:562,0
FN:567,console.log
FNDA:0,console.log
DA:568,0
FN:573,console.log
FNDA:0,console.log
DA:574,0
FN:579,console.log
FNDA:0,console.log
DA:580,0
FN:585,console.log
FNDA:0,console.log
DA:586,0
FN:591,console.log
FNDA:0,console.log
DA:592,0
FN:597,console.log
FNDA:0,console.log
DA:598,0
FN:603,console.log
FNDA:0,console.log
DA:604,0
FN:609,console.log
FNDA:0,console.log
DA:610,0
FN:615,console.log
FNDA:0,console.log
DA:616,0
FN:621,console.log
FNDA:0,console.log
DA:622,0
FN:627,console.log
FNDA:0,console.log
DA:628,0
FN:633,console.log
FNDA:0,console.log
DA:634,0
FN:639,console.log
FNDA:0,console.log
DA:640,0
FN:645,console.log
FNDA:0,console.log
DA:646,0
FN:651,console.log
FNDA:0,console.log
DA:652,0
FN:657,console.log
FNDA:0,console.log
DA:658,0
FN:669,console.log
FNDA:0,console.log
DA:670,0
FN:675,console.log
FNDA:0,console.log
DA:676,0
FN:687,console.log
FNDA:0,console.log
DA:688,0
FN:699,console.log
FNDA:0,console.log
DA:705,0
FN:716,console.log
FNDA:0,console.log
DA:717,0
FN:728,console.log
FNDA:0,console.log
DA:729,0
FN:740,console.log
FNDA:0,console.log
DA:741,0
FN:746,console.log
FNDA:0,console.log
DA:747,0
FN:758,console.log
FNDA:0,console.log
DA:759,0
FN:764,console.log
FNDA:0,console.log
DA:765,0
FN:776,console.log
FNDA:0,console.log
DA:777,0
FN:788,console.log
FNDA:0,console.log
DA:789,0
FN:800,console.log
FNDA:0,console.log
DA:801,0
FN:812,console.log
FNDA:0,console.log
DA:813,0
FN:824,console.log
FNDA:0,console.log
DA:825,0
FN:836,console.log
FNDA:0,console.log
DA:842,0
FN:853,console.log
FNDA:0,console.log
DA:854,0
FN:865,console.log
FNDA:0,console.log
DA:866,0
FN:877,console.log
FNDA:0,console.log
DA:883,0
FN:894,console.log
FNDA:0,console.log
DA:900,0
FN:911,console.log
FNDA:0,console.log
DA:917,0
FN:928,console.log
FNDA:0,console.log
DA:934,0
FN:945,console.log
FNDA:0,console.log
DA:946,0
FN:957,console.log
FNDA:0,console.log
DA:963,0
FN:974,console.log
FNDA:0,console.log
DA:975,0
FN:986,console.log
FNDA:0,console.log
DA:987,0
FN:998,console.log
FNDA:0,console.log
DA:999,0
FN:1010,console.log
FNDA:0,console.log
DA:1016,0
FN:1027,console.log
FNDA:0,console.log
DA:1028,0
FN:1039,console.log
FNDA:0,console.log
DA:1045,0
FN:1056,console.log
FNDA:0,console.log
DA:1057,0
FN:1062,console.log
FNDA:0,console.log
DA:1063,0
FN:1074,console.log
FNDA:0,console.log
DA:1075,0
FN:1080,console.log
FNDA:0,console.log
DA:1081,0
FN:1092,console.log
FNDA:0,console.log
DA:1093,0
FN:1104,console.log
FNDA:0,console.log
DA:1110,0
FN:1121,console.log
FNDA:0,console.log
DA:1122,0
FN:1133,console.log
FNDA:0,console.log
DA:1134,0
FN:1145,console.log
FNDA:0,console.log
DA:1146,0
FN:1151,console.log
FNDA:0,console.log
DA:1152,0
FN:1163,console.log
FNDA:0,console.log
DA:1164,0
FN:1169,console.log
FNDA:0,console.log
DA:1170,0
FN:1181,console.log
FNDA:0,console.log
DA:1182,0
FN:1193,console.log
FNDA:0,console.log
DA:1194,0
FN:1205,console.log
FNDA:0,console.log
DA:1206,0
FN:1217,console.log
FNDA:0,console.log
DA:1218,0
FN:1229,console.log
FNDA:0,console.log
DA:1230,0
FN:1241,console.log
FNDA:0,console.log
DA:1242,0
FN:1253,console.log
FNDA:0,console.log
DA:1254,0
FN:1265,console.log
FNDA:0,console.log
DA:1266,0
FN:1277,console.log
FNDA:0,console.log
DA:1278,0
FN:1289,console.log
FNDA:0,console.log
DA:1295,0
FN:1306,console.log
FNDA:0,console.log
DA:1307,0
FN:1318,console.log
FNDA:0,console.log
DA:1324,0
FN:1335,console.log
FNDA:0,console.log
DA:1336,0
FN:1347,console.log
FNDA:0,console.log
DA:1348,0
FN:1359,console.log
FNDA:0,console.log
DA:1360,0
FN:1371,console.log
FNDA:0,console.log
DA:1372,0
FN:1383,console.log
FNDA:0,console.log
DA:1384,0
FN:1395,console.log
FNDA:0,console.log
DA:1401,0
FN:1412,console.log
FNDA:0,console.log
DA:1413,0
FN:1424,console.log
FNDA:0,console.log
DA:1425,0
FN:1436,console.log
FNDA:0,console.log
DA:1437,0
FN:1448,console.log
FNDA:0,console.log
DA:1454,0
FN:1465,console.log
FNDA:0,console.log
DA:1466,0
FN:1477,console.log
FNDA:0,console.log
DA:1478,0
FN:1489,console.log
FNDA:0,console.log
DA:1495,0
FN:1506,console.log
FNDA:0,console.log
DA:1512,0
FN:1523,console.log
FNDA:0,console.log
DA:1529,0
FN:1540,console.log
FNDA:0,console.log
DA:1546,0
FN:1557,console.log
FNDA:0,console.log
DA:1558,0
FN:1569,console.log
FNDA:0,console.log
DA:1575,0
FN:1586,console.log
FNDA:0,console.log
DA:1587,0
FN:1598,console.log
FNDA:0,console.log
DA:1599,0
FN:1610,console.log
FNDA:0,console.log
DA:1611,0
FN:1622,console.log
FNDA:0,console.log
DA:1628,0
FN:1639,console.log
FNDA:0,console.log
DA:1640,0
FN:1651,console.log
FNDA:0,console.log
DA:1657,0
FN:1668,console.log
FNDA:0,console.log
DA:1674,0
FN:1685,console.log
FNDA:0,console.log
DA:1691,0
FN:1702,console.log
FNDA:0,console.log
DA:1708,0
FN:1719,console.log
FNDA:0,console.log
DA:1725,0
FN:1736,console.log
FNDA:0,console.log
DA:1742,0
FN:1753,console.log
FNDA:0,console.log
DA:1759,0
FN:1770,console.log
FNDA:0,console.log
DA:1776,0
FN:1787,console.log
FNDA:0,console.log
DA:1793,0
FN:1804,console.log
FNDA:0,console.log
DA:1810,0
FN:1821,console.log
FNDA:0,console.log
DA:1827,0
FN:1838,console.log
FNDA:0,console.log
DA:1844,0
FN:1855,console.log
FNDA:0,console.log
DA:1861,0
FN:1872,console.log
FNDA:0,console.log
DA:1878,0
FN:1889,console.log
FNDA:0,console.log
DA:1895,0
FN:1906,console.log
FNDA:0,console.log
DA:1912,0
FN:1923,console.log
FNDA:0,console.log
DA:1929,0
FN:1940,console.log
FNDA:0,console.log
DA:1941,0
FN:1952,console.log
FNDA:0,console.log
DA:1958,0
FN:1969,console.log
FNDA:0,console.log
DA:1970,0
FN:1981,console.log
FNDA:0,console.log
DA:1982,0
FN:1993,console.log
FNDA:0,console.log
DA:1999,0
FN:2010,console.log
FNDA:0,console.log
DA:2016,0
FN:2027,console.log
FNDA:0,console.log
DA:2033,0
FN:2044,console.log
FNDA:0,console.log
DA:2050,0
FN:2061,console.log
FNDA:0,console.log
DA:2062,0
FN:2073,console.log
FNDA:0,console.log
DA:2079,0
FN:2090,console.log
FNDA:0,console.log
DA:2091,0
FN:2102,console.log
FNDA:0,console.log
DA:2103,0
FN:2114,console.log
FNDA:0,console.log
DA:2115,0
FN:2126,console.log
FNDA:0,console.log
DA:2132,0
FN:2143,console.log
FNDA:0,console.log
DA:2144,0
FN:2155,console.log
FNDA:0,console.log
DA:2161,0
FN:2172,console.log
FNDA:0,console.log
DA:2173,0
FN:2184,console.log
FNDA:0,console.log
DA:2190,0
FN:2201,console.log
FNDA:0,console.log
DA:2202,0
FN:2213,console.log
FNDA:0,console.log
DA:2219,0
FN:2230,console.log
FNDA:0,console.log
DA:2236,0
FN:2247,console.log
FNDA:0,console.log
DA:2253,0
FN:2264,console.log
FNDA:0,console.log
DA:2270,0
FN:2281,console.log
FNDA:0,console.log
DA:2287,0
FN:2298,console.log
FNDA:0,console.log
DA:2299,0
FN:2310,console.log
FNDA:0,console.log
DA:2316,0
FN:2327,console.log
FNDA:0,console.log
DA:2328,0
FN:2339,console.log
FNDA:0,console.log
DA:2345,0
FN:2356,console.log
FNDA:0,console.log
DA:2362,0
FN:2373,console.log
FNDA:0,console.log
DA:2379,0
FN:2390,console.log
FNDA:0,console.log
DA:2396,0
FN:2407,console.log
FNDA:0,console.log
DA:2413,0
FN:2424,console.log
FNDA:0,console.log
DA:2425,0
FN:2430,console.log
FNDA:0,console.log
DA:2431,0
FN:2442,console.log
FNDA:0,console.log
DA:2443,0
FN:2448,console.log
FNDA:0,console.log
DA:2449,0
FN:2460,console.log
FNDA:0,console.log
DA:2461,0
FN:2472,console.log
FNDA:0,console.log
DA:2478,0
FN:2489,console.log
FNDA:0,console.log
DA:2490,0
FN:2501,console.log
FNDA:0,console.log
DA:2502,0
FN:2513,console.log
FNDA:0,console.log
DA:2514,0
FN:2519,console.log
FNDA:0,console.log
DA:2520,0
FN:2531,console.log
FNDA:0,console.log
DA:2532,0
FN:2537,console.log
FNDA:0,console.log
DA:2538,0
FN:2549,console.log
FNDA:0,console.log
DA:2550,0
FN:2561,console.log
FNDA:0,console.log
DA:2562,0
FN:2573,console.log
FNDA:0,console.log
DA:2574,0
FN:2585,console.log
FNDA:0,console.log
DA:2586,0
FN:2597,console.log
FNDA:0,console.log
DA:2598,0
FN:2609,console.log
FNDA:0,console.log
DA:2615,0
FN:2626,console.log
FNDA:0,console.log
DA:2627,0
FN:2638,console.log
FNDA:0,console.log
DA:2639,0
FN:2650,console.log
FNDA:0,console.log
DA:2656,0
FN:2667,console.log
FNDA:0,console.log
DA:2673,0
FN:2684,console.log
FNDA:0,console.log
DA:2690,0
FN:2701,console.log
FNDA:0,console.log
DA:2707,0
[...]
DA:2094,0
FN:2105,console2.log
FNDA:0,console2.log
DA:2111,0
FN:2122,console2.log
FNDA:0,console2.log
DA:2128,0
FN:2139,console2.log
FNDA:0,console2.log
DA:2145,0
FN:2156,console2.log
FNDA:0,console2.log
DA:2162,0
FN:2173,console2.log
FNDA:0,console2.log
DA:2174,0
FN:2185,console2.log
FNDA:0,console2.log
DA:2191,0
FN:2202,console2.log
FNDA:0,console2.log
DA:2208,0
FN:2219,console2.log
FNDA:0,console2.log
DA:2225,0
FN:2236,console2.log
FNDA:0,console2.log
DA:2242,0
FN:2253,console2.log
FNDA:0,console2.log
DA:2259,0
FN:2270,console2.log
FNDA:0,console2.log
DA:2271,0
FN:2282,console2.log
FNDA:0,console2.log
DA:2288,0
FN:2299,console2.log
FNDA:0,console2.log
DA:2300,0
FN:2311,console2.log
FNDA:0,console2.log
DA:2312,0
FN:2323,console2.log
FNDA:0,console2.log
DA:2329,0
FN:2340,console2.log
FNDA:0,console2.log
DA:2346,0
FN:2357,console2.log
FNDA:0,console2.log
DA:2358,0
FN:2369,console2.log
FNDA:0,console2.log
DA:2375,0
FN:2386,console2.log
FNDA:0,console2.log
DA:2392,0
FN:2403,console2.log
FNDA:0,console2.log
DA:2409,0
FN:2420,console2.log
FNDA:0,console2.log
DA:2426,0
FN:2437,console2.log
FNDA:0,console2.log
DA:2443,0
FN:2454,console2.log
FNDA:0,console2.log
DA:2460,0
FN:2471,console2.log
FNDA:0,console2.log
DA:2477,0
FN:2488,console2.log
FNDA:0,console2.log
DA:2494,0
FN:2505,console2.log
FNDA:0,console2.log
DA:2511,0
FN:2522,console2.log
FNDA:0,console2.log
DA:2528,0
FN:2539,console2.log
FNDA:0,console2.log
DA:2545,0
FN:2556,console2.log
FNDA:0,console2.log
DA:2557,0
FN:2568,console2.log
FNDA:0,console2.log
DA:2574,0
FN:2585,console2.log
FNDA:0,console2.log
DA:2591,0
FN:2602,console2.log
FNDA:0,console2.log
DA:2608,0
FN:2619,console2.log
FNDA:0,console2.log
DA:2625,0
FN:2636,console2.log
FNDA:0,console2.log
DA:2642,0
FN:2653,console2.log
FNDA:0,console2.log
DA:2654,0
FN:2665,console2.log
FNDA:0,console2.log
DA:2671,0
FN:2682,console2.log
FNDA:0,console2.log
DA:2683,0
FN:2694,console2.log
FNDA:0,console2.log
DA:2695,0
FN:2706,console2.log
FNDA:0,console2.log
DA:2712,0
FN:2723,console2.log
FNDA:0,console2.log
DA:2729,0
FN:2740,console2.log
FNDA:0,console2.log
DA:2741,0
FN:2752,console2.log
FNDA:0,console2.log
DA:2758,0
FN:2769,console2.log
FNDA:0,console2.log
DA:2770,0
FN:2781,console2.log
FNDA:0,console2.log
DA:2782,0
FN:2793,console2.log
FNDA:0,console2.log
DA:2794,0
FN:2805,console2.log
FNDA:0,console2.log
DA:2806,0
FN:2817,console2.log
FNDA:0,console2.log
DA:2818,0
FN:2829,console2.log
FNDA:0,console2.log
DA:2835,0
FN:2846,console2.log
FNDA:0,console2.log
DA:2847,0
FN:2858,console2.log
FNDA:0,console2.log
DA:2859,0
FN:2870,console2.log
FNDA:0,console2.log
DA:2876,0
FN:2887,console2.log
FNDA:0,console2.log
DA:2893,0
FN:2904,console2.log
FNDA:0,console2.log
DA:2905,0
FN:2916,console2.log
FNDA:0,console2.log
DA:2922,0
FN:2933,console2.log
FNDA:0,console2.log
DA:2939,0
FN:2950,console2.log
FNDA:0,console2.log
DA:2956,0
FN:2967,console2.log
FNDA:0,console2.log
DA:2973,0
FN:2984,console2.log
FNDA:0,console2.log
DA:2990,0
FN:3001,console2.log
FNDA:0,console2.log
DA:3002,0
FN:3013,console2.log
FNDA:0,console2.log
DA:3019,0
FN:3030,console2.log
FNDA:0,console2.log
DA:3031,0
FN:3042,console2.log
FNDA:0,console2.log
DA:3043,0
FN:3054,console2.log
FNDA:0,console2.log
DA:3060,0
FN:3071,console2.log
FNDA:0,console2.log
DA:3077,0
FN:3088,console2.log
FNDA:0,console2.log
DA:3089,0
FN:3100,console2.log
FNDA:0,console2.log
DA:3106,0
FN:3117,console2.log
FNDA:0,console2.log
DA:3118,0
FN:3129,console2.log
FNDA:0,console2.log
DA:3130,0
FN:3141,console2.log
FNDA:0,console2.log
DA:3142,0
FN:3153,console2.log
FNDA:0,console2.log
DA:3154,0
FN:3165,console2.log
FNDA:0,console2.log
DA:3166,0
FN:3177,console2.log
FNDA:0,console2.log
DA:3183,0
FN:3194,console2.log
FNDA:0,console2.log
DA:3195,0
FN:3206,console2.log
FNDA:0,console2.log
DA:3207,0
FN:3218,console2.log
FNDA:0,console2.log
DA:3219,0
FN:3230,console2.log
FNDA:0,console2.log
DA:3231,0
FN:3242,console2.log
FNDA:0,console2.log
DA:3243,0
FN:3248,console2.log
FNDA:0,console2.log
DA:3249,0
FN:3260,console2.log
FNDA:0,console2.log
DA:3261,0
FN:3272,console2.log
FNDA:0,console2.log
DA:3273,0
FN:3284,console2.log
FNDA:0,console2.log
DA:3285,0
FN:3296,console2.log
FNDA:0,console2.log
DA:3297,0
FN:3308,console2.log
FNDA:0,console2.log
DA:3309,0
FN:3320,console2.log
FNDA:0,console2.log
DA:3326,0
FN:3337,console2.log
FNDA:0,console2.log
DA:3338,0
FN:3349,console2.log
FNDA:0,console2.log
DA:3350,0
FN:3361,console2.log
FNDA:0,console2.log
DA:3367,0
FN:3378,console2.log
FNDA:0,console2.log
DA:3384,0
FN:3395,console2.log
FNDA:0,console2.log
DA:3396,0
FN:3407,console2.log
FNDA:0,console2.log
DA:3413,0
FN:3424,console2.log
FNDA:0,console2.log
DA:3425,0
FN:3436,console2.log
FNDA:0,console2.log
DA:3437,0
FN:3448,console2.log
FNDA:0,console2.log
DA:3449,0
FN:3460,console2.log
FNDA:0,console2.log
DA:3461,0
FN:3472,console2.log
FNDA:0,console2.log
DA:3473,0
FN:3484,console2.log
FNDA:0,console2.log
DA:3490,0
FN:3501,console2.log
FNDA:0,console2.log
DA:3502,0
FN:3513,console2.log
FNDA:0,console2.log
DA:3514,0
FN:3525,console2.log
FNDA:0,console2.log
DA:3526,0
FN:3537,console2.log
FNDA:0,console2.log
DA:3543,0
FN:3554,console2.log
FNDA:0,console2.log
DA:3555,0
FN:3566,console2.log
FNDA:0,console2.log
DA:3567,0
FN:3578,console2.log
FNDA:0,console2.log
DA:3584,0
FN:3595,console2.log
FNDA:0,console2.log
DA:3601,0
FN:3612,console2.log
FNDA:0,console2.log
DA:3618,0
FN:3629,console2.log
FNDA:0,console2.log
DA:3635,0
FN:3646,console2.log
FNDA:0,console2.log
DA:3647,0
FN:3658,console2.log
FNDA:0,console2.log
DA:3664,0
FN:3675,console2.log
FNDA:0,console2.log
DA:3676,0
FN:3687,console2.log
FNDA:0,console2.log
DA:3688,0
FN:3699,console2.log
FNDA:0,console2.log
DA:3700,0
FN:3711,console2.log
FNDA:0,console2.log
DA:3717,0
FN:3728,console2.log
FNDA:0,console2.log
DA:3729,0
FN:3740,console2.log
FNDA:0,console2.log
DA:3741,0
FN:3752,console2.log
FNDA:0,console2.log
DA:3758,0
FN:3769,console2.log
FNDA:0,console2.log
DA:3775,0
FN:3786,console2.log
FNDA:0,console2.log
DA:3792,0
FN:3803,console2.log
FNDA:0,console2.log
DA:3809,0
FN:3820,console2.log
FNDA:0,console2.log
DA:3826,0
FN:3837,console2.log
FNDA:0,console2.log
DA:3843,0
FN:3854,console2.log
FNDA:0,console2.log
DA:3860,0
FN:3871,console2.log
FNDA:0,console2.log
DA:3877,0
FN:3888,console2.log
FNDA:0,console2.log
DA:3894,0
FN:3905,console2.log
FNDA:0,console2.log
DA:3911,0
FN:3922,console2.log
FNDA:0,console2.log
DA:3923,0
FN:3934,console2.log
FNDA:0,console2.log
DA:3940,0
FN:3951,console2.log
FNDA:0,console2.log
DA:3957,0
FN:3968,console2.log
FNDA:0,console2.log
DA:3974,0
FN:3985,console2.log
FNDA:0,console2.log
DA:3991,0
FN:4002,console2.log
FNDA:0,console2.log
DA:4008,0
FN:4019,console2.log
FNDA:0,console2.log
DA:4020,0
FN:4031,console2.log
FNDA:0,console2.log
DA:4037,0
FN:4048,console2.log
FNDA:0,console2.log
DA:4049,0
FN:4060,console2.log
FNDA:0,console2.log
DA:4061,0
FN:4072,console2.log
FNDA:0,console2.log
DA:4078,0
FN:4089,console2.log
FNDA:0,console2.log
DA:4095,0
FN:4106,console2.log
FNDA:0,console2.log
DA:4107,0
FN:4118,console2.log
FNDA:0,console2.log
DA:4124,0
FN:4135,console2.log
FNDA:0,console2.log
DA:4136,0
FN:4147,console2.log
FNDA:0,console2.log
DA:4148,0
FN:4159,console2.log
FNDA:0,console2.log
DA:4160,0
FN:4171,console2.log
FNDA:0,console2.log
DA:4172,0
FN:4183,console2.log
FNDA:0,console2.log
DA:4184,0
FN:4195,console2.log
FNDA:0,console2.log
DA:4201,0
FN:4212,console2.log
FNDA:0,console2.log
DA:4213,0
FN:4224,console2.log
FNDA:0,console2.log
DA:4225,0
FN:4236,console2.log
FNDA:0,console2.log
DA:4237,0
FN:4248,console2.log
FNDA:0,console2.log
DA:4254,0
FN:4265,console2.log
FNDA:0,console2.log
DA:4266,0
FN:4277,console2.log
FNDA:0,console2.log
DA:4278,0
FN:4289,console2.log
FNDA:0,console2.log
DA:4295,0
FN:4306,console2.log
FNDA:0,console2.log
DA:4312,0
FN:4323,console2.log
FNDA:0,console2.log
DA:4329,0
FN:4340,console2.log
FNDA:0,console2.log
DA:4346,0
FN:4357,console2.log
FNDA:0,console2.log
DA:4358,0
FN:4369,console2.log
FNDA:0,console2.log
DA:4375,0
FN:4386,console2.log
FNDA:0,console2.log
DA:4387,0
FN:4398,console2.log
FNDA:0,console2.log
DA:4399,0
FN:4410,console2.log
FNDA:0,console2.log
DA:4411,0
FN:4422,console2.log
FNDA:0,console2.log
DA:4428,0
FN:4439,console2.log
FNDA:0,console2.log
DA:4440,0
FN:4451,console2.log
FNDA:0,console2.log
DA:4452,0
FNF:380
FNH:0
LF:381
LH:0
BRF:0
BRH:0
end_of_record
TN:
SF:test/forge-std/test/StdAssertions.t.sol
FN:557,TestTest._fail
FNDA:0,TestTest._fail
DA:558,0
FN:561,TestTest._assertFalse
FNDA:0,TestTest._assertFalse
DA:565,0
FN:568,TestTest._assertFalse
FNDA:0,TestTest._assertFalse
DA:573,0
FN:576,TestTest._assertEq
FNDA:0,TestTest._assertEq
DA:581,0
FN:584,TestTest._assertEq
FNDA:0,TestTest._assertEq
DA:590,0
FN:593,TestTest._assertEq
FNDA:0,TestTest._assertEq
DA:598,0
FN:601,TestTest._assertEq
FNDA:0,TestTest._assertEq
DA:607,0
FN:610,TestTest._assertEq
FNDA:0,TestTest._assertEq
DA:615,0
FN:618,TestTest._assertEq
FNDA:0,TestTest._assertEq
DA:623,0
FN:626,TestTest._assertEq
FNDA:0,TestTest._assertEq
DA:631,0
FN:634,TestTest._assertEq
FNDA:0,TestTest._assertEq
DA:640,0
FN:643,TestTest._assertEq
FNDA:0,TestTest._assertEq
DA:649,0
FN:652,TestTest._assertEq
FNDA:0,TestTest._assertEq
DA:658,0
FN:661,TestTest._assertApproxEqAbs
FNDA:0,TestTest._assertApproxEqAbs
DA:667,0
FN:670,TestTest._assertApproxEqAbs
FNDA:0,TestTest._assertApproxEqAbs
DA:677,0
FN:680,TestTest._assertApproxEqAbs
FNDA:0,TestTest._assertApproxEqAbs
DA:686,0
FN:689,TestTest._assertApproxEqAbs
FNDA:0,TestTest._assertApproxEqAbs
DA:696,0
FN:699,TestTest._assertApproxEqRel
FNDA:0,TestTest._assertApproxEqRel
DA:705,0
FN:708,TestTest._assertApproxEqRel
FNDA:0,TestTest._assertApproxEqRel
DA:715,0
FN:718,TestTest._assertApproxEqRel
FNDA:0,TestTest._assertApproxEqRel
DA:724,0
FN:727,TestTest._assertApproxEqRel
FNDA:0,TestTest._assertApproxEqRel
DA:734,0
FNF:21
FNH:0
LF:21
LH:0
BRF:0
BRH:0
end_of_record
TN:
SF:test/forge-std/test/StdCheats.t.sol
FN:303,Bar.bar
FNDA:0,Bar.bar
DA:304,0
BRDA:304,0,0,-
BRDA:304,0,1,-
FN:307,Bar.origin
FNDA:0,Bar.origin
DA:308,0
BRDA:308,1,0,-
BRDA:308,1,1,-
DA:309,0
BRDA:309,2,0,-
BRDA:309,2,1,-
FN:312,Bar.origin
FNDA:0,Bar.origin
DA:316,0
BRDA:316,3,0,-
BRDA:316,3,1,-
DA:317,0
BRDA:317,4,0,-
BRDA:317,4,1,-
FNF:3
FNH:0
LF:5
LH:0
BRF:10
BRH:0
end_of_record
TN:
SF:test/forge-std/test/StdError.t.sol
FN:73,ErrorsTest.assertionError
FNDA:0,ErrorsTest.assertionError
DA:74,0
BRDA:74,0,0,-
BRDA:74,0,1,-
FN:77,ErrorsTest.arithmeticError
FNDA:0,ErrorsTest.arithmeticError
DA:78,0
FN:81,ErrorsTest.divError
FNDA:0,ErrorsTest.divError
DA:82,0
FN:85,ErrorsTest.modError
FNDA:0,ErrorsTest.modError
DA:86,0
FN:89,ErrorsTest.enumConversion
FNDA:0,ErrorsTest.enumConversion
DA:90,0
FN:93,ErrorsTest.encodeStgError
FNDA:0,ErrorsTest.encodeStgError
DA:98,0
FN:101,ErrorsTest.pop
FNDA:0,ErrorsTest.pop
DA:102,0
FN:105,ErrorsTest.indexOOBError
FNDA:0,ErrorsTest.indexOOBError
DA:106,0
FN:110,ErrorsTest.mem
FNDA:0,ErrorsTest.mem
DA:111,0
DA:112,0
FN:115,ErrorsTest.intern
FNDA:0,ErrorsTest.intern
DA:116,0
DA:117,0
DA:118,0
FNF:10
FNH:0
LF:13
LH:0
BRF:2
BRH:0
end_of_record
TN:
SF:test/forge-std/test/StdStorage.t.sol
FN:416,StorageTest.read_struct_upper
FNDA:0,StorageTest.read_struct_upper
DA:417,0
FN:420,StorageTest.read_struct_lower
FNDA:0,StorageTest.read_struct_lower
DA:421,0
FN:424,StorageTest.hidden
FNDA:0,StorageTest.hidden
DA:425,0
DA:428,0
FN:432,StorageTest.const
FNDA:0,StorageTest.const
DA:433,0
FNF:4
FNH:0
LF:5
LH:0
BRF:0
BRH:0
end_of_record
TN:
SF:test/integration/PostProposalCheck.sol
FN:15,PostProposalCheck.setUp
FNDA:0,PostProposalCheck.setUp
DA:16,0
DA:19,0
DA:20,0
DA:21,0
DA:22,0
DA:24,0
FNF:1
FNH:0
LF:6
LH:0
BRF:0
BRH:0
end_of_record
TN:
SF:test/integration/PostProposalCheckFixture.sol
FN:70,PostProposalCheckFixture.setUp
FNDA:0,PostProposalCheckFixture.setUp
DA:71,0
DA:78,0
DA:81,0
DA:83,0
DA:84,0
DA:85,0
DA:86,0
DA:89,0
DA:92,0
DA:95,0
DA:99,0
DA:100,0
DA:101,0
DA:103,0
DA:104,0
DA:107,0
DA:110,0
DA:115,0
DA:118,0
DA:122,0
DA:123,0
DA:125,0
DA:126,0
DA:127,0
DA:134,0
DA:135,0
DA:137,0
DA:138,0
DA:139,0
DA:140,0
DA:141,0
FNF:1
FNH:0
LF:31
LH:0
BRF:0
BRH:0
end_of_record
TN:
SF:test/mock/MockERC20.sol
FN:13,MockERC20.decimals
FNDA:0,MockERC20.decimals
DA:14,0
FN:17,MockERC20.setDecimals
FNDA:0,MockERC20.setDecimals
DA:18,0
FN:21,MockERC20.mint
FNDA:0,MockERC20.mint
DA:22,0
DA:23,0
FN:26,MockERC20.mockBurn
FNDA:0,MockERC20.mockBurn
DA:27,0
DA:28,0
FN:31,MockERC20.approveOverride
FNDA:0,MockERC20.approveOverride
DA:36,0
FN:42,MockERC20.getPastVotes
FNDA:0,MockERC20.getPastVotes
DA:46,0
FN:49,MockERC20.mockSetVotes
FNDA:0,MockERC20.mockSetVotes
DA:50,0
FNF:7
FNH:0
LF:9
LH:0
BRF:0
BRH:0
end_of_record
TN:
SF:test/mock/MockERC20Gauges.sol
FN:10,MockERC20Gauges.decimals
FNDA:0,MockERC20Gauges.decimals
DA:11,0
FN:18,MockERC20Gauges.addGauge
FNDA:0,MockERC20Gauges.addGauge
DA:19,0
FN:22,MockERC20Gauges.removeGauge
FNDA:0,MockERC20Gauges.removeGauge
DA:23,0
FN:26,MockERC20Gauges.setMaxGauges
FNDA:0,MockERC20Gauges.setMaxGauges
DA:27,0
FN:30,MockERC20Gauges.setCanExceedMaxGauges
FNDA:0,MockERC20Gauges.setCanExceedMaxGauges
DA:31,0
FN:38,MockERC20Gauges._burn
FNDA:0,MockERC20Gauges._burn
DA:42,0
FN:45,MockERC20Gauges.transfer
FNDA:0,MockERC20Gauges.transfer
DA:49,0
FN:52,MockERC20Gauges.transferFrom
FNDA:0,MockERC20Gauges.transferFrom
DA:57,0
FNF:8
FNH:0
LF:8
LH:0
BRF:0
BRH:0
end_of_record
TN:
SF:test/mock/MockERC20MultiVotes.sol
FN:13,MockERC20MultiVotes.decimals
FNDA:0,MockERC20MultiVotes.decimals
DA:14,0
FN:17,MockERC20MultiVotes.setMaxDelegates
FNDA:0,MockERC20MultiVotes.setMaxDelegates
DA:18,0
FN:21,MockERC20MultiVotes.setContractExceedMaxDelegates
FNDA:0,MockERC20MultiVotes.setContractExceedMaxDelegates
DA:22,0
FN:29,MockERC20MultiVotes.getPastVotes
FNDA:0,MockERC20MultiVotes.getPastVotes
DA:33,0
FN:36,MockERC20MultiVotes._burn
FNDA:0,MockERC20MultiVotes._burn
DA:40,0
FN:43,MockERC20MultiVotes.transfer
FNDA:0,MockERC20MultiVotes.transfer
DA:47,0
FN:50,MockERC20MultiVotes.transferFrom
FNDA:0,MockERC20MultiVotes.transferFrom
DA:55,0
FNF:7
FNH:0
LF:7
LH:0
BRF:0
BRH:0
end_of_record
TN:
SF:test/mock/MockERC20RebaseDistributor.sol
FN:10,MockERC20RebaseDistributor.decimals
FNDA:0,MockERC20RebaseDistributor.decimals
DA:11,0
FN:18,MockERC20RebaseDistributor._mint
FNDA:0,MockERC20RebaseDistributor._mint
DA:22,0
FN:25,MockERC20RebaseDistributor._burn
FNDA:0,MockERC20RebaseDistributor._burn
DA:29,0
FN:32,MockERC20RebaseDistributor.balanceOf
FNDA:0,MockERC20RebaseDistributor.balanceOf
DA:35,0
FN:38,MockERC20RebaseDistributor.totalSupply
FNDA:0,MockERC20RebaseDistributor.totalSupply
DA:39,0
FN:42,MockERC20RebaseDistributor.transfer
FNDA:0,MockERC20RebaseDistributor.transfer
DA:46,0
FN:49,MockERC20RebaseDistributor.transferFrom
FNDA:0,MockERC20RebaseDistributor.transferFrom
DA:54,0
FNF:7
FNH:0
LF:7
LH:0
BRF:0
BRH:0
end_of_record
TN:
SF:test/mock/MockRateLimitedV2.sol
FN:17,MockRateLimitedV2.depleteBuffer
FNDA:0,MockRateLimitedV2.depleteBuffer
DA:18,0
FN:21,MockRateLimitedV2.replenishBuffer
FNDA:0,MockRateLimitedV2.replenishBuffer
DA:22,0
FNF:2
FNH:0
LF:2
LH:0
BRF:0
BRH:0
end_of_record
TN:
SF:test/proposals/AddressLib.sol
FN:18,AddressLib._read
FNDA:568,AddressLib._read
DA:19,568
DA:20,568
DA:21,568
DA:22,568
BRDA:22,0,0,-
BRDA:22,0,1,-
DA:23,0
DA:24,0
DA:26,568
DA:27,568
FN:30,AddressLib._write
FNDA:0,AddressLib._write
DA:31,0
DA:32,0
DA:34,0
DA:35,0
DA:36,0
DA:37,0
DA:38,0
DA:39,0
DA:40,0
DA:41,0
DA:42,0
DA:43,0
BRDA:43,1,0,-
BRDA:43,1,1,-
DA:44,0
DA:47,0
DA:49,0
DA:50,0
DA:51,0
FN:54,AddressLib.get
FNDA:568,AddressLib.get
DA:55,568
DA:57,568
DA:58,10000
DA:59,10000
BRDA:59,2,0,-
BRDA:59,2,1,568
DA:60,568
DA:64,0
FN:72,AddressLib.set
FNDA:0,AddressLib.set
DA:73,0
DA:75,0
DA:76,0
DA:77,0
DA:78,0
DA:81,0
BRDA:81,3,0,-
BRDA:81,3,1,-
DA:82,0
DA:95,0
BRDA:95,4,0,-
BRDA:95,4,1,-
DA:96,0
DA:97,0
DA:98,0
DA:102,0
BRDA:102,5,0,-
BRDA:102,5,1,-
DA:103,0
DA:104,0
DA:107,0
DA:108,0
DA:109,0
DA:111,0
DA:112,0
DA:120,0
FNF:4
FNH:2
LF:51
LH:11
BRF:12
BRH:1
end_of_record
TN:
SF:test/proposals/gips/GIP_0.sol
FN:108,GIP_0.deploy
FNDA:0,GIP_0.deploy
DA:111,0
DA:112,0
DA:117,0
DA:120,0
DA:125,0
DA:130,0
DA:134,0
DA:142,0
DA:150,0
DA:160,0
DA:161,0
DA:162,0
DA:166,0
DA:170,0
DA:175,0
DA:181,0
DA:183,0
DA:190,0
DA:191,0
DA:192,0
DA:197,0
DA:201,0
DA:210,0
DA:216,0
DA:223,0
DA:227,0
DA:245,0
DA:251,0
DA:258,0
DA:265,0
DA:269,0
DA:270,0
DA:271,0
DA:272,0
DA:276,0
DA:277,0
DA:281,0
DA:285,0
DA:293,0
DA:296,0
DA:297,0
DA:299,0
DA:312,0
FN:316,GIP_0.afterDeploy
FNDA:0,GIP_0.afterDeploy
DA:317,0
DA:321,0
DA:322,0
DA:326,0
DA:332,0
DA:335,0
DA:339,0
DA:342,0
DA:348,0
DA:354,0
DA:360,0
DA:366,0
DA:367,0
DA:371,0
DA:374,0
DA:378,0
DA:384,0
DA:388,0
DA:391,0
DA:397,0
DA:401,0
DA:404,0
DA:410,0
DA:414,0
DA:417,0
DA:421,0
DA:427,0
DA:431,0
DA:437,0
DA:441,0
DA:445,0
DA:449,0
DA:453,0
DA:457,0
DA:461,0
DA:467,0
DA:472,0
DA:480,0
DA:484,0
DA:485,0
DA:489,0
DA:492,0
DA:497,0
DA:498,0
DA:499,0
DA:500,0
DA:501,0
FN:504,GIP_0.run
FNDA:0,GIP_0.run
FN:506,GIP_0.teardown
FNDA:0,GIP_0.teardown
FN:508,GIP_0.validate
FNDA:0,GIP_0.validate
DA:510,0
DA:512,0
DA:517,0
DA:522,0
DA:529,0
DA:537,0
DA:544,0
DA:552,0
DA:559,0
DA:567,0
DA:568,0
DA:569,0
DA:572,0
DA:575,0
DA:578,0
DA:581,0
DA:584,0
DA:587,0
DA:590,0
DA:593,0
DA:596,0
DA:600,0
DA:605,0
DA:610,0
DA:615,0
DA:620,0
DA:625,0
DA:630,0
DA:635,0
DA:640,0
DA:645,0
DA:650,0
DA:655,0
DA:664,0
DA:666,0
DA:671,0
DA:676,0
DA:681,0
DA:690,0
DA:693,0
DA:698,0
DA:703,0
DA:708,0
DA:713,0
DA:718,0
DA:725,0
DA:728,0
DA:733,0
DA:738,0
DA:743,0
DA:748,0
DA:753,0
DA:762,0
DA:769,0
DA:773,0
DA:779,0
DA:784,0
DA:791,0
DA:797,0
DA:807,0
DA:812,0
DA:817,0
DA:824,0
DA:830,0
DA:833,0
DA:838,0
DA:843,0
DA:848,0
DA:853,0
DA:861,0
DA:865,0
DA:871,0
DA:875,0
DA:883,0
DA:887,0
DA:892,0
DA:897,0
DA:905,0
DA:908,0
DA:913,0
DA:918,0
DA:923,0
DA:929,0
DA:935,0
DA:936,0
DA:941,0
DA:942,0
DA:943,0
DA:944,0
DA:949,0
DA:952,0
DA:957,0
DA:962,0
DA:967,0
DA:969,0
DA:973,0
DA:978,0
DA:983,0
DA:988,0
DA:994,0
DA:997,0
DA:1002,0
DA:1007,0
DA:1012,0
DA:1019,0
DA:1021,0
DA:1023,0
DA:1028,0
DA:1033,0
DA:1034,0
DA:1039,0
DA:1044,0
DA:1049,0
DA:1056,0
DA:1059,0
DA:1064,0
DA:1069,0
DA:1074,0
DA:1079,0
FNF:5
FNH:0
LF:209
LH:0
BRF:0
BRH:0
end_of_record
TN:
SF:test/proposals/gips/GIP_X.sol
FN:9,GIP_X.deploy
FNDA:0,GIP_X.deploy
FN:11,GIP_X.afterDeploy
FNDA:0,GIP_X.afterDeploy
FN:13,GIP_X.run
FNDA:0,GIP_X.run
FN:15,GIP_X.teardown
FNDA:0,GIP_X.teardown
FN:17,GIP_X.validate
FNDA:0,GIP_X.validate
FNF:5
FNH:0
LF:0
LH:0
BRF:0
BRH:0
end_of_record
TN:
SF:test/proposals/proposalTypes/MultisigProposal.sol
FN:16,MultisigProposal._pushMultisigAction
FNDA:0,MultisigProposal._pushMultisigAction
DA:22,0
FN:33,MultisigProposal._pushMultisigAction
FNDA:0,MultisigProposal._pushMultisigAction
DA:38,0
FN:43,MultisigProposal._simulateMultisigActions
FNDA:0,MultisigProposal._simulateMultisigActions
DA:44,0
DA:45,0
DA:46,0
DA:49,0
BRDA:49,0,0,-
BRDA:49,0,1,-
DA:55,0
FNF:3
FNH:0
LF:7
LH:0
BRF:2
BRH:0
end_of_record
TN:
SF:test/proposals/proposalTypes/Proposal.sol
FN:11,Proposal.setDebug
FNDA:0,Proposal.setDebug
DA:12,0
FNF:1
FNH:0
LF:1
LH:0
BRF:0
BRH:0
end_of_record
TN:
SF:test/proposals/proposalTypes/TimelockProposal.sol
FN:19,TimelockProposal._pushTimelockAction
FNDA:0,TimelockProposal._pushTimelockAction
DA:25,0
FN:36,TimelockProposal._pushTimelockAction
FNDA:0,TimelockProposal._pushTimelockAction
DA:41,0
FN:48,TimelockProposal._simulateTimelockActions
FNDA:0,TimelockProposal._simulateTimelockActions
DA:53,0
DA:56,0
DA:57,0
DA:59,0
BRDA:59,0,0,-
BRDA:59,0,1,-
DA:60,0
DA:61,0
DA:64,0
DA:66,0
DA:67,0
DA:68,0
DA:69,0
DA:74,0
DA:75,0
BRDA:75,1,0,-
BRDA:75,1,1,-
DA:80,0
BRDA:80,2,0,-
BRDA:80,2,1,-
DA:86,0
DA:87,0
DA:88,0
DA:91,0
DA:100,0
DA:101,0
BRDA:99,3,0,-
BRDA:99,3,1,-
DA:103,0
DA:104,0
DA:112,0
BRDA:112,4,0,-
BRDA:112,4,1,-
DA:113,0
DA:114,0
DA:126,0
BRDA:126,5,0,-
BRDA:126,5,1,-
DA:127,0
DA:128,0
DA:131,0
DA:133,0
BRDA:133,6,0,-
BRDA:133,6,1,-
DA:134,0
DA:135,0
DA:137,0
BRDA:137,7,0,-
BRDA:137,7,1,-
DA:138,0
DA:139,0
DA:150,0
BRDA:150,8,0,-
BRDA:150,8,1,-
DA:151,0
FNF:3
FNH:0
LF:39
LH:0
BRF:18
BRH:0
end_of_record
